Start testing: Jul 04 01:15 India Standard Time
----------------------------------------------------------
1/291 Testing: DynamicArrayUtility.ClearNonEmptyArray
1/291 Test: DynamicArrayUtility.ClearNonEmptyArray
Command: "C:/Users/garvc/Desktop/CQ/Project-01/build/datest.exe" "--gtest_filter=DynamicArrayUtility.ClearNonEmptyArray" "--gtest_also_run_disabled_tests"
Directory: C:/Users/garvc/Desktop/CQ/Project-01/build
"DynamicArrayUtility.ClearNonEmptyArray" start time: Jul 04 01:15 India Standard Time
Output:
----------------------------------------------------------
Running main() from C:/Users/garvc/Desktop/CQ/Project-01/build/_deps/googletest-src/googletest/src/gtest_main.cc
Note: Google Test filter = DynamicArrayUtility.ClearNonEmptyArray
[==========] Running 1 test from 1 test suite.
[----------] Global test environment set-up.
[----------] 1 test from DynamicArrayUtility
[ RUN      ] DynamicArrayUtility.ClearNonEmptyArray
[       OK ] DynamicArrayUtility.ClearNonEmptyArray (0 ms)
[----------] 1 test from DynamicArrayUtility (0 ms total)

[----------] Global test environment tear-down
[==========] 1 test from 1 test suite ran. (0 ms total)
[  PASSED  ] 1 test.
<end of output>
Test time =   0.19 sec
----------------------------------------------------------
Test Passed.
"DynamicArrayUtility.ClearNonEmptyArray" end time: Jul 04 01:15 India Standard Time
"DynamicArrayUtility.ClearNonEmptyArray" time elapsed: 00:00:00
----------------------------------------------------------

2/291 Testing: DynamicArrayUtility.ClearEmptyArray
2/291 Test: DynamicArrayUtility.ClearEmptyArray
Command: "C:/Users/garvc/Desktop/CQ/Project-01/build/datest.exe" "--gtest_filter=DynamicArrayUtility.ClearEmptyArray" "--gtest_also_run_disabled_tests"
Directory: C:/Users/garvc/Desktop/CQ/Project-01/build
"DynamicArrayUtility.ClearEmptyArray" start time: Jul 04 01:15 India Standard Time
Output:
----------------------------------------------------------
Running main() from C:/Users/garvc/Desktop/CQ/Project-01/build/_deps/googletest-src/googletest/src/gtest_main.cc
Note: Google Test filter = DynamicArrayUtility.ClearEmptyArray
[==========] Running 1 test from 1 test suite.
[----------] Global test environment set-up.
[----------] 1 test from DynamicArrayUtility
[ RUN      ] DynamicArrayUtility.ClearEmptyArray
[       OK ] DynamicArrayUtility.ClearEmptyArray (0 ms)
[----------] 1 test from DynamicArrayUtility (0 ms total)

[----------] Global test environment tear-down
[==========] 1 test from 1 test suite ran. (0 ms total)
[  PASSED  ] 1 test.
<end of output>
Test time =   0.01 sec
----------------------------------------------------------
Test Passed.
"DynamicArrayUtility.ClearEmptyArray" end time: Jul 04 01:15 India Standard Time
"DynamicArrayUtility.ClearEmptyArray" time elapsed: 00:00:00
----------------------------------------------------------

3/291 Testing: DynamicArrayUtility.AppendAfterClear
3/291 Test: DynamicArrayUtility.AppendAfterClear
Command: "C:/Users/garvc/Desktop/CQ/Project-01/build/datest.exe" "--gtest_filter=DynamicArrayUtility.AppendAfterClear" "--gtest_also_run_disabled_tests"
Directory: C:/Users/garvc/Desktop/CQ/Project-01/build
"DynamicArrayUtility.AppendAfterClear" start time: Jul 04 01:15 India Standard Time
Output:
----------------------------------------------------------
Running main() from C:/Users/garvc/Desktop/CQ/Project-01/build/_deps/googletest-src/googletest/src/gtest_main.cc
Note: Google Test filter = DynamicArrayUtility.AppendAfterClear
[==========] Running 1 test from 1 test suite.
[----------] Global test environment set-up.
[----------] 1 test from DynamicArrayUtility
[ RUN      ] DynamicArrayUtility.AppendAfterClear
[       OK ] DynamicArrayUtility.AppendAfterClear (0 ms)
[----------] 1 test from DynamicArrayUtility (0 ms total)

[----------] Global test environment tear-down
[==========] 1 test from 1 test suite ran. (0 ms total)
[  PASSED  ] 1 test.
<end of output>
Test time =   0.02 sec
----------------------------------------------------------
Test Passed.
"DynamicArrayUtility.AppendAfterClear" end time: Jul 04 01:15 India Standard Time
"DynamicArrayUtility.AppendAfterClear" time elapsed: 00:00:00
----------------------------------------------------------

4/291 Testing: DynamicArrayUtility.ClearMultipleTimes
4/291 Test: DynamicArrayUtility.ClearMultipleTimes
Command: "C:/Users/garvc/Desktop/CQ/Project-01/build/datest.exe" "--gtest_filter=DynamicArrayUtility.ClearMultipleTimes" "--gtest_also_run_disabled_tests"
Directory: C:/Users/garvc/Desktop/CQ/Project-01/build
"DynamicArrayUtility.ClearMultipleTimes" start time: Jul 04 01:15 India Standard Time
Output:
----------------------------------------------------------
Running main() from C:/Users/garvc/Desktop/CQ/Project-01/build/_deps/googletest-src/googletest/src/gtest_main.cc
Note: Google Test filter = DynamicArrayUtility.ClearMultipleTimes
[==========] Running 1 test from 1 test suite.
[----------] Global test environment set-up.
[----------] 1 test from DynamicArrayUtility
[ RUN      ] DynamicArrayUtility.ClearMultipleTimes
[       OK ] DynamicArrayUtility.ClearMultipleTimes (0 ms)
[----------] 1 test from DynamicArrayUtility (0 ms total)

[----------] Global test environment tear-down
[==========] 1 test from 1 test suite ran. (0 ms total)
[  PASSED  ] 1 test.
<end of output>
Test time =   0.02 sec
----------------------------------------------------------
Test Passed.
"DynamicArrayUtility.ClearMultipleTimes" end time: Jul 04 01:15 India Standard Time
"DynamicArrayUtility.ClearMultipleTimes" time elapsed: 00:00:00
----------------------------------------------------------

5/291 Testing: DynamicArrayUtility.ReserveIncreaseCapacity
5/291 Test: DynamicArrayUtility.ReserveIncreaseCapacity
Command: "C:/Users/garvc/Desktop/CQ/Project-01/build/datest.exe" "--gtest_filter=DynamicArrayUtility.ReserveIncreaseCapacity" "--gtest_also_run_disabled_tests"
Directory: C:/Users/garvc/Desktop/CQ/Project-01/build
"DynamicArrayUtility.ReserveIncreaseCapacity" start time: Jul 04 01:15 India Standard Time
Output:
----------------------------------------------------------
Running main() from C:/Users/garvc/Desktop/CQ/Project-01/build/_deps/googletest-src/googletest/src/gtest_main.cc
Note: Google Test filter = DynamicArrayUtility.ReserveIncreaseCapacity
[==========] Running 1 test from 1 test suite.
[----------] Global test environment set-up.
[----------] 1 test from DynamicArrayUtility
[ RUN      ] DynamicArrayUtility.ReserveIncreaseCapacity
[       OK ] DynamicArrayUtility.ReserveIncreaseCapacity (0 ms)
[----------] 1 test from DynamicArrayUtility (0 ms total)

[----------] Global test environment tear-down
[==========] 1 test from 1 test suite ran. (0 ms total)
[  PASSED  ] 1 test.
<end of output>
Test time =   0.02 sec
----------------------------------------------------------
Test Passed.
"DynamicArrayUtility.ReserveIncreaseCapacity" end time: Jul 04 01:15 India Standard Time
"DynamicArrayUtility.ReserveIncreaseCapacity" time elapsed: 00:00:00
----------------------------------------------------------

6/291 Testing: DynamicArrayUtility.ReserveSmallerCapacity
6/291 Test: DynamicArrayUtility.ReserveSmallerCapacity
Command: "C:/Users/garvc/Desktop/CQ/Project-01/build/datest.exe" "--gtest_filter=DynamicArrayUtility.ReserveSmallerCapacity" "--gtest_also_run_disabled_tests"
Directory: C:/Users/garvc/Desktop/CQ/Project-01/build
"DynamicArrayUtility.ReserveSmallerCapacity" start time: Jul 04 01:15 India Standard Time
Output:
----------------------------------------------------------
Running main() from C:/Users/garvc/Desktop/CQ/Project-01/build/_deps/googletest-src/googletest/src/gtest_main.cc
Note: Google Test filter = DynamicArrayUtility.ReserveSmallerCapacity
[==========] Running 1 test from 1 test suite.
[----------] Global test environment set-up.
[----------] 1 test from DynamicArrayUtility
[ RUN      ] DynamicArrayUtility.ReserveSmallerCapacity
[       OK ] DynamicArrayUtility.ReserveSmallerCapacity (0 ms)
[----------] 1 test from DynamicArrayUtility (0 ms total)

[----------] Global test environment tear-down
[==========] 1 test from 1 test suite ran. (0 ms total)
[  PASSED  ] 1 test.
<end of output>
Test time =   0.02 sec
----------------------------------------------------------
Test Passed.
"DynamicArrayUtility.ReserveSmallerCapacity" end time: Jul 04 01:15 India Standard Time
"DynamicArrayUtility.ReserveSmallerCapacity" time elapsed: 00:00:00
----------------------------------------------------------

7/291 Testing: DynamicArrayUtility.ReserveEqualCapacity
7/291 Test: DynamicArrayUtility.ReserveEqualCapacity
Command: "C:/Users/garvc/Desktop/CQ/Project-01/build/datest.exe" "--gtest_filter=DynamicArrayUtility.ReserveEqualCapacity" "--gtest_also_run_disabled_tests"
Directory: C:/Users/garvc/Desktop/CQ/Project-01/build
"DynamicArrayUtility.ReserveEqualCapacity" start time: Jul 04 01:15 India Standard Time
Output:
----------------------------------------------------------
Running main() from C:/Users/garvc/Desktop/CQ/Project-01/build/_deps/googletest-src/googletest/src/gtest_main.cc
Note: Google Test filter = DynamicArrayUtility.ReserveEqualCapacity
[==========] Running 1 test from 1 test suite.
[----------] Global test environment set-up.
[----------] 1 test from DynamicArrayUtility
[ RUN      ] DynamicArrayUtility.ReserveEqualCapacity
[       OK ] DynamicArrayUtility.ReserveEqualCapacity (0 ms)
[----------] 1 test from DynamicArrayUtility (0 ms total)

[----------] Global test environment tear-down
[==========] 1 test from 1 test suite ran. (0 ms total)
[  PASSED  ] 1 test.
<end of output>
Test time =   0.01 sec
----------------------------------------------------------
Test Passed.
"DynamicArrayUtility.ReserveEqualCapacity" end time: Jul 04 01:15 India Standard Time
"DynamicArrayUtility.ReserveEqualCapacity" time elapsed: 00:00:00
----------------------------------------------------------

8/291 Testing: DynamicArrayUtility.ReserveDoesNotChangeElements
8/291 Test: DynamicArrayUtility.ReserveDoesNotChangeElements
Command: "C:/Users/garvc/Desktop/CQ/Project-01/build/datest.exe" "--gtest_filter=DynamicArrayUtility.ReserveDoesNotChangeElements" "--gtest_also_run_disabled_tests"
Directory: C:/Users/garvc/Desktop/CQ/Project-01/build
"DynamicArrayUtility.ReserveDoesNotChangeElements" start time: Jul 04 01:15 India Standard Time
Output:
----------------------------------------------------------
Running main() from C:/Users/garvc/Desktop/CQ/Project-01/build/_deps/googletest-src/googletest/src/gtest_main.cc
Note: Google Test filter = DynamicArrayUtility.ReserveDoesNotChangeElements
[==========] Running 1 test from 1 test suite.
[----------] Global test environment set-up.
[----------] 1 test from DynamicArrayUtility
[ RUN      ] DynamicArrayUtility.ReserveDoesNotChangeElements
[       OK ] DynamicArrayUtility.ReserveDoesNotChangeElements (0 ms)
[----------] 1 test from DynamicArrayUtility (0 ms total)

[----------] Global test environment tear-down
[==========] 1 test from 1 test suite ran. (0 ms total)
[  PASSED  ] 1 test.
<end of output>
Test time =   0.01 sec
----------------------------------------------------------
Test Passed.
"DynamicArrayUtility.ReserveDoesNotChangeElements" end time: Jul 04 01:15 India Standard Time
"DynamicArrayUtility.ReserveDoesNotChangeElements" time elapsed: 00:00:00
----------------------------------------------------------

9/291 Testing: DynamicArrayUtility.ShrinkToSize
9/291 Test: DynamicArrayUtility.ShrinkToSize
Command: "C:/Users/garvc/Desktop/CQ/Project-01/build/datest.exe" "--gtest_filter=DynamicArrayUtility.ShrinkToSize" "--gtest_also_run_disabled_tests"
Directory: C:/Users/garvc/Desktop/CQ/Project-01/build
"DynamicArrayUtility.ShrinkToSize" start time: Jul 04 01:15 India Standard Time
Output:
----------------------------------------------------------
Running main() from C:/Users/garvc/Desktop/CQ/Project-01/build/_deps/googletest-src/googletest/src/gtest_main.cc
Note: Google Test filter = DynamicArrayUtility.ShrinkToSize
[==========] Running 1 test from 1 test suite.
[----------] Global test environment set-up.
[----------] 1 test from DynamicArrayUtility
[ RUN      ] DynamicArrayUtility.ShrinkToSize
[       OK ] DynamicArrayUtility.ShrinkToSize (0 ms)
[----------] 1 test from DynamicArrayUtility (0 ms total)

[----------] Global test environment tear-down
[==========] 1 test from 1 test suite ran. (0 ms total)
[  PASSED  ] 1 test.
<end of output>
Test time =   0.01 sec
----------------------------------------------------------
Test Passed.
"DynamicArrayUtility.ShrinkToSize" end time: Jul 04 01:15 India Standard Time
"DynamicArrayUtility.ShrinkToSize" time elapsed: 00:00:00
----------------------------------------------------------

10/291 Testing: DynamicArrayUtility.ShrinkAlreadyExact
10/291 Test: DynamicArrayUtility.ShrinkAlreadyExact
Command: "C:/Users/garvc/Desktop/CQ/Project-01/build/datest.exe" "--gtest_filter=DynamicArrayUtility.ShrinkAlreadyExact" "--gtest_also_run_disabled_tests"
Directory: C:/Users/garvc/Desktop/CQ/Project-01/build
"DynamicArrayUtility.ShrinkAlreadyExact" start time: Jul 04 01:15 India Standard Time
Output:
----------------------------------------------------------
Running main() from C:/Users/garvc/Desktop/CQ/Project-01/build/_deps/googletest-src/googletest/src/gtest_main.cc
Note: Google Test filter = DynamicArrayUtility.ShrinkAlreadyExact
[==========] Running 1 test from 1 test suite.
[----------] Global test environment set-up.
[----------] 1 test from DynamicArrayUtility
[ RUN      ] DynamicArrayUtility.ShrinkAlreadyExact
[       OK ] DynamicArrayUtility.ShrinkAlreadyExact (0 ms)
[----------] 1 test from DynamicArrayUtility (0 ms total)

[----------] Global test environment tear-down
[==========] 1 test from 1 test suite ran. (0 ms total)
[  PASSED  ] 1 test.
<end of output>
Test time =   0.01 sec
----------------------------------------------------------
Test Passed.
"DynamicArrayUtility.ShrinkAlreadyExact" end time: Jul 04 01:15 India Standard Time
"DynamicArrayUtility.ShrinkAlreadyExact" time elapsed: 00:00:00
----------------------------------------------------------

11/291 Testing: DynamicArrayUtility.ShrinkEmptyArray
11/291 Test: DynamicArrayUtility.ShrinkEmptyArray
Command: "C:/Users/garvc/Desktop/CQ/Project-01/build/datest.exe" "--gtest_filter=DynamicArrayUtility.ShrinkEmptyArray" "--gtest_also_run_disabled_tests"
Directory: C:/Users/garvc/Desktop/CQ/Project-01/build
"DynamicArrayUtility.ShrinkEmptyArray" start time: Jul 04 01:15 India Standard Time
Output:
----------------------------------------------------------
Running main() from C:/Users/garvc/Desktop/CQ/Project-01/build/_deps/googletest-src/googletest/src/gtest_main.cc
Note: Google Test filter = DynamicArrayUtility.ShrinkEmptyArray
[==========] Running 1 test from 1 test suite.
[----------] Global test environment set-up.
[----------] 1 test from DynamicArrayUtility
[ RUN      ] DynamicArrayUtility.ShrinkEmptyArray
[       OK ] DynamicArrayUtility.ShrinkEmptyArray (0 ms)
[----------] 1 test from DynamicArrayUtility (0 ms total)

[----------] Global test environment tear-down
[==========] 1 test from 1 test suite ran. (0 ms total)
[  PASSED  ] 1 test.
<end of output>
Test time =   0.01 sec
----------------------------------------------------------
Test Passed.
"DynamicArrayUtility.ShrinkEmptyArray" end time: Jul 04 01:15 India Standard Time
"DynamicArrayUtility.ShrinkEmptyArray" time elapsed: 00:00:00
----------------------------------------------------------

12/291 Testing: DynamicArrayUtility.ShrinkPreservesData
12/291 Test: DynamicArrayUtility.ShrinkPreservesData
Command: "C:/Users/garvc/Desktop/CQ/Project-01/build/datest.exe" "--gtest_filter=DynamicArrayUtility.ShrinkPreservesData" "--gtest_also_run_disabled_tests"
Directory: C:/Users/garvc/Desktop/CQ/Project-01/build
"DynamicArrayUtility.ShrinkPreservesData" start time: Jul 04 01:15 India Standard Time
Output:
----------------------------------------------------------
Running main() from C:/Users/garvc/Desktop/CQ/Project-01/build/_deps/googletest-src/googletest/src/gtest_main.cc
Note: Google Test filter = DynamicArrayUtility.ShrinkPreservesData
[==========] Running 1 test from 1 test suite.
[----------] Global test environment set-up.
[----------] 1 test from DynamicArrayUtility
[ RUN      ] DynamicArrayUtility.ShrinkPreservesData
[       OK ] DynamicArrayUtility.ShrinkPreservesData (0 ms)
[----------] 1 test from DynamicArrayUtility (0 ms total)

[----------] Global test environment tear-down
[==========] 1 test from 1 test suite ran. (0 ms total)
[  PASSED  ] 1 test.
<end of output>
Test time =   0.01 sec
----------------------------------------------------------
Test Passed.
"DynamicArrayUtility.ShrinkPreservesData" end time: Jul 04 01:15 India Standard Time
"DynamicArrayUtility.ShrinkPreservesData" time elapsed: 00:00:00
----------------------------------------------------------

13/291 Testing: DynamicArrayUtility.IsEmptyInitially
13/291 Test: DynamicArrayUtility.IsEmptyInitially
Command: "C:/Users/garvc/Desktop/CQ/Project-01/build/datest.exe" "--gtest_filter=DynamicArrayUtility.IsEmptyInitially" "--gtest_also_run_disabled_tests"
Directory: C:/Users/garvc/Desktop/CQ/Project-01/build
"DynamicArrayUtility.IsEmptyInitially" start time: Jul 04 01:15 India Standard Time
Output:
----------------------------------------------------------
Running main() from C:/Users/garvc/Desktop/CQ/Project-01/build/_deps/googletest-src/googletest/src/gtest_main.cc
Note: Google Test filter = DynamicArrayUtility.IsEmptyInitially
[==========] Running 1 test from 1 test suite.
[----------] Global test environment set-up.
[----------] 1 test from DynamicArrayUtility
[ RUN      ] DynamicArrayUtility.IsEmptyInitially
[       OK ] DynamicArrayUtility.IsEmptyInitially (0 ms)
[----------] 1 test from DynamicArrayUtility (0 ms total)

[----------] Global test environment tear-down
[==========] 1 test from 1 test suite ran. (0 ms total)
[  PASSED  ] 1 test.
<end of output>
Test time =   0.02 sec
----------------------------------------------------------
Test Passed.
"DynamicArrayUtility.IsEmptyInitially" end time: Jul 04 01:15 India Standard Time
"DynamicArrayUtility.IsEmptyInitially" time elapsed: 00:00:00
----------------------------------------------------------

14/291 Testing: DynamicArrayUtility.IsEmptyAfterAppend
14/291 Test: DynamicArrayUtility.IsEmptyAfterAppend
Command: "C:/Users/garvc/Desktop/CQ/Project-01/build/datest.exe" "--gtest_filter=DynamicArrayUtility.IsEmptyAfterAppend" "--gtest_also_run_disabled_tests"
Directory: C:/Users/garvc/Desktop/CQ/Project-01/build
"DynamicArrayUtility.IsEmptyAfterAppend" start time: Jul 04 01:15 India Standard Time
Output:
----------------------------------------------------------
Running main() from C:/Users/garvc/Desktop/CQ/Project-01/build/_deps/googletest-src/googletest/src/gtest_main.cc
Note: Google Test filter = DynamicArrayUtility.IsEmptyAfterAppend
[==========] Running 1 test from 1 test suite.
[----------] Global test environment set-up.
[----------] 1 test from DynamicArrayUtility
[ RUN      ] DynamicArrayUtility.IsEmptyAfterAppend
[       OK ] DynamicArrayUtility.IsEmptyAfterAppend (0 ms)
[----------] 1 test from DynamicArrayUtility (0 ms total)

[----------] Global test environment tear-down
[==========] 1 test from 1 test suite ran. (0 ms total)
[  PASSED  ] 1 test.
<end of output>
Test time =   0.01 sec
----------------------------------------------------------
Test Passed.
"DynamicArrayUtility.IsEmptyAfterAppend" end time: Jul 04 01:15 India Standard Time
"DynamicArrayUtility.IsEmptyAfterAppend" time elapsed: 00:00:00
----------------------------------------------------------

15/291 Testing: DynamicArrayUtility.IsEmptyAfterClear
15/291 Test: DynamicArrayUtility.IsEmptyAfterClear
Command: "C:/Users/garvc/Desktop/CQ/Project-01/build/datest.exe" "--gtest_filter=DynamicArrayUtility.IsEmptyAfterClear" "--gtest_also_run_disabled_tests"
Directory: C:/Users/garvc/Desktop/CQ/Project-01/build
"DynamicArrayUtility.IsEmptyAfterClear" start time: Jul 04 01:15 India Standard Time
Output:
----------------------------------------------------------
Running main() from C:/Users/garvc/Desktop/CQ/Project-01/build/_deps/googletest-src/googletest/src/gtest_main.cc
Note: Google Test filter = DynamicArrayUtility.IsEmptyAfterClear
[==========] Running 1 test from 1 test suite.
[----------] Global test environment set-up.
[----------] 1 test from DynamicArrayUtility
[ RUN      ] DynamicArrayUtility.IsEmptyAfterClear
[       OK ] DynamicArrayUtility.IsEmptyAfterClear (0 ms)
[----------] 1 test from DynamicArrayUtility (0 ms total)

[----------] Global test environment tear-down
[==========] 1 test from 1 test suite ran. (0 ms total)
[  PASSED  ] 1 test.
<end of output>
Test time =   0.01 sec
----------------------------------------------------------
Test Passed.
"DynamicArrayUtility.IsEmptyAfterClear" end time: Jul 04 01:15 India Standard Time
"DynamicArrayUtility.IsEmptyAfterClear" time elapsed: 00:00:00
----------------------------------------------------------

16/291 Testing: DynamicArrayUtility.SizeInitially
16/291 Test: DynamicArrayUtility.SizeInitially
Command: "C:/Users/garvc/Desktop/CQ/Project-01/build/datest.exe" "--gtest_filter=DynamicArrayUtility.SizeInitially" "--gtest_also_run_disabled_tests"
Directory: C:/Users/garvc/Desktop/CQ/Project-01/build
"DynamicArrayUtility.SizeInitially" start time: Jul 04 01:15 India Standard Time
Output:
----------------------------------------------------------
Running main() from C:/Users/garvc/Desktop/CQ/Project-01/build/_deps/googletest-src/googletest/src/gtest_main.cc
Note: Google Test filter = DynamicArrayUtility.SizeInitially
[==========] Running 1 test from 1 test suite.
[----------] Global test environment set-up.
[----------] 1 test from DynamicArrayUtility
[ RUN      ] DynamicArrayUtility.SizeInitially
[       OK ] DynamicArrayUtility.SizeInitially (0 ms)
[----------] 1 test from DynamicArrayUtility (0 ms total)

[----------] Global test environment tear-down
[==========] 1 test from 1 test suite ran. (0 ms total)
[  PASSED  ] 1 test.
<end of output>
Test time =   0.02 sec
----------------------------------------------------------
Test Passed.
"DynamicArrayUtility.SizeInitially" end time: Jul 04 01:15 India Standard Time
"DynamicArrayUtility.SizeInitially" time elapsed: 00:00:00
----------------------------------------------------------

17/291 Testing: DynamicArrayUtility.SizeAfterAppend
17/291 Test: DynamicArrayUtility.SizeAfterAppend
Command: "C:/Users/garvc/Desktop/CQ/Project-01/build/datest.exe" "--gtest_filter=DynamicArrayUtility.SizeAfterAppend" "--gtest_also_run_disabled_tests"
Directory: C:/Users/garvc/Desktop/CQ/Project-01/build
"DynamicArrayUtility.SizeAfterAppend" start time: Jul 04 01:15 India Standard Time
Output:
----------------------------------------------------------
Running main() from C:/Users/garvc/Desktop/CQ/Project-01/build/_deps/googletest-src/googletest/src/gtest_main.cc
Note: Google Test filter = DynamicArrayUtility.SizeAfterAppend
[==========] Running 1 test from 1 test suite.
[----------] Global test environment set-up.
[----------] 1 test from DynamicArrayUtility
[ RUN      ] DynamicArrayUtility.SizeAfterAppend
[       OK ] DynamicArrayUtility.SizeAfterAppend (0 ms)
[----------] 1 test from DynamicArrayUtility (0 ms total)

[----------] Global test environment tear-down
[==========] 1 test from 1 test suite ran. (0 ms total)
[  PASSED  ] 1 test.
<end of output>
Test time =   0.01 sec
----------------------------------------------------------
Test Passed.
"DynamicArrayUtility.SizeAfterAppend" end time: Jul 04 01:15 India Standard Time
"DynamicArrayUtility.SizeAfterAppend" time elapsed: 00:00:00
----------------------------------------------------------

18/291 Testing: DynamicArrayUtility.SizeAfterRemove
18/291 Test: DynamicArrayUtility.SizeAfterRemove
Command: "C:/Users/garvc/Desktop/CQ/Project-01/build/datest.exe" "--gtest_filter=DynamicArrayUtility.SizeAfterRemove" "--gtest_also_run_disabled_tests"
Directory: C:/Users/garvc/Desktop/CQ/Project-01/build
"DynamicArrayUtility.SizeAfterRemove" start time: Jul 04 01:15 India Standard Time
Output:
----------------------------------------------------------
Running main() from C:/Users/garvc/Desktop/CQ/Project-01/build/_deps/googletest-src/googletest/src/gtest_main.cc
Note: Google Test filter = DynamicArrayUtility.SizeAfterRemove
[==========] Running 1 test from 1 test suite.
[----------] Global test environment set-up.
[----------] 1 test from DynamicArrayUtility
[ RUN      ] DynamicArrayUtility.SizeAfterRemove
[       OK ] DynamicArrayUtility.SizeAfterRemove (0 ms)
[----------] 1 test from DynamicArrayUtility (0 ms total)

[----------] Global test environment tear-down
[==========] 1 test from 1 test suite ran. (0 ms total)
[  PASSED  ] 1 test.
<end of output>
Test time =   0.01 sec
----------------------------------------------------------
Test Passed.
"DynamicArrayUtility.SizeAfterRemove" end time: Jul 04 01:15 India Standard Time
"DynamicArrayUtility.SizeAfterRemove" time elapsed: 00:00:00
----------------------------------------------------------

19/291 Testing: DynamicArrayUtility.CapacityInitially
19/291 Test: DynamicArrayUtility.CapacityInitially
Command: "C:/Users/garvc/Desktop/CQ/Project-01/build/datest.exe" "--gtest_filter=DynamicArrayUtility.CapacityInitially" "--gtest_also_run_disabled_tests"
Directory: C:/Users/garvc/Desktop/CQ/Project-01/build
"DynamicArrayUtility.CapacityInitially" start time: Jul 04 01:15 India Standard Time
Output:
----------------------------------------------------------
Running main() from C:/Users/garvc/Desktop/CQ/Project-01/build/_deps/googletest-src/googletest/src/gtest_main.cc
Note: Google Test filter = DynamicArrayUtility.CapacityInitially
[==========] Running 1 test from 1 test suite.
[----------] Global test environment set-up.
[----------] 1 test from DynamicArrayUtility
[ RUN      ] DynamicArrayUtility.CapacityInitially
[       OK ] DynamicArrayUtility.CapacityInitially (0 ms)
[----------] 1 test from DynamicArrayUtility (0 ms total)

[----------] Global test environment tear-down
[==========] 1 test from 1 test suite ran. (0 ms total)
[  PASSED  ] 1 test.
<end of output>
Test time =   0.01 sec
----------------------------------------------------------
Test Passed.
"DynamicArrayUtility.CapacityInitially" end time: Jul 04 01:15 India Standard Time
"DynamicArrayUtility.CapacityInitially" time elapsed: 00:00:00
----------------------------------------------------------

20/291 Testing: DynamicArrayUtility.CapacityAfterReserve
20/291 Test: DynamicArrayUtility.CapacityAfterReserve
Command: "C:/Users/garvc/Desktop/CQ/Project-01/build/datest.exe" "--gtest_filter=DynamicArrayUtility.CapacityAfterReserve" "--gtest_also_run_disabled_tests"
Directory: C:/Users/garvc/Desktop/CQ/Project-01/build
"DynamicArrayUtility.CapacityAfterReserve" start time: Jul 04 01:15 India Standard Time
Output:
----------------------------------------------------------
Running main() from C:/Users/garvc/Desktop/CQ/Project-01/build/_deps/googletest-src/googletest/src/gtest_main.cc
Note: Google Test filter = DynamicArrayUtility.CapacityAfterReserve
[==========] Running 1 test from 1 test suite.
[----------] Global test environment set-up.
[----------] 1 test from DynamicArrayUtility
[ RUN      ] DynamicArrayUtility.CapacityAfterReserve
[       OK ] DynamicArrayUtility.CapacityAfterReserve (0 ms)
[----------] 1 test from DynamicArrayUtility (0 ms total)

[----------] Global test environment tear-down
[==========] 1 test from 1 test suite ran. (0 ms total)
[  PASSED  ] 1 test.
<end of output>
Test time =   0.02 sec
----------------------------------------------------------
Test Passed.
"DynamicArrayUtility.CapacityAfterReserve" end time: Jul 04 01:15 India Standard Time
"DynamicArrayUtility.CapacityAfterReserve" time elapsed: 00:00:00
----------------------------------------------------------

21/291 Testing: DynamicArrayUtility.CapacityAfterShrink
21/291 Test: DynamicArrayUtility.CapacityAfterShrink
Command: "C:/Users/garvc/Desktop/CQ/Project-01/build/datest.exe" "--gtest_filter=DynamicArrayUtility.CapacityAfterShrink" "--gtest_also_run_disabled_tests"
Directory: C:/Users/garvc/Desktop/CQ/Project-01/build
"DynamicArrayUtility.CapacityAfterShrink" start time: Jul 04 01:15 India Standard Time
Output:
----------------------------------------------------------
Running main() from C:/Users/garvc/Desktop/CQ/Project-01/build/_deps/googletest-src/googletest/src/gtest_main.cc
Note: Google Test filter = DynamicArrayUtility.CapacityAfterShrink
[==========] Running 1 test from 1 test suite.
[----------] Global test environment set-up.
[----------] 1 test from DynamicArrayUtility
[ RUN      ] DynamicArrayUtility.CapacityAfterShrink
[       OK ] DynamicArrayUtility.CapacityAfterShrink (0 ms)
[----------] 1 test from DynamicArrayUtility (0 ms total)

[----------] Global test environment tear-down
[==========] 1 test from 1 test suite ran. (0 ms total)
[  PASSED  ] 1 test.
<end of output>
Test time =   0.01 sec
----------------------------------------------------------
Test Passed.
"DynamicArrayUtility.CapacityAfterShrink" end time: Jul 04 01:15 India Standard Time
"DynamicArrayUtility.CapacityAfterShrink" time elapsed: 00:00:00
----------------------------------------------------------

22/291 Testing: DynamicArrayOperator.ReadFirstElement
22/291 Test: DynamicArrayOperator.ReadFirstElement
Command: "C:/Users/garvc/Desktop/CQ/Project-01/build/datest.exe" "--gtest_filter=DynamicArrayOperator.ReadFirstElement" "--gtest_also_run_disabled_tests"
Directory: C:/Users/garvc/Desktop/CQ/Project-01/build
"DynamicArrayOperator.ReadFirstElement" start time: Jul 04 01:15 India Standard Time
Output:
----------------------------------------------------------
Running main() from C:/Users/garvc/Desktop/CQ/Project-01/build/_deps/googletest-src/googletest/src/gtest_main.cc
Note: Google Test filter = DynamicArrayOperator.ReadFirstElement
[==========] Running 1 test from 1 test suite.
[----------] Global test environment set-up.
[----------] 1 test from DynamicArrayOperator
[ RUN      ] DynamicArrayOperator.ReadFirstElement
[       OK ] DynamicArrayOperator.ReadFirstElement (0 ms)
[----------] 1 test from DynamicArrayOperator (0 ms total)

[----------] Global test environment tear-down
[==========] 1 test from 1 test suite ran. (0 ms total)
[  PASSED  ] 1 test.
<end of output>
Test time =   0.02 sec
----------------------------------------------------------
Test Passed.
"DynamicArrayOperator.ReadFirstElement" end time: Jul 04 01:15 India Standard Time
"DynamicArrayOperator.ReadFirstElement" time elapsed: 00:00:00
----------------------------------------------------------

23/291 Testing: DynamicArrayOperator.ReadLastElement
23/291 Test: DynamicArrayOperator.ReadLastElement
Command: "C:/Users/garvc/Desktop/CQ/Project-01/build/datest.exe" "--gtest_filter=DynamicArrayOperator.ReadLastElement" "--gtest_also_run_disabled_tests"
Directory: C:/Users/garvc/Desktop/CQ/Project-01/build
"DynamicArrayOperator.ReadLastElement" start time: Jul 04 01:15 India Standard Time
Output:
----------------------------------------------------------
Running main() from C:/Users/garvc/Desktop/CQ/Project-01/build/_deps/googletest-src/googletest/src/gtest_main.cc
Note: Google Test filter = DynamicArrayOperator.ReadLastElement
[==========] Running 1 test from 1 test suite.
[----------] Global test environment set-up.
[----------] 1 test from DynamicArrayOperator
[ RUN      ] DynamicArrayOperator.ReadLastElement
[       OK ] DynamicArrayOperator.ReadLastElement (0 ms)
[----------] 1 test from DynamicArrayOperator (0 ms total)

[----------] Global test environment tear-down
[==========] 1 test from 1 test suite ran. (0 ms total)
[  PASSED  ] 1 test.
<end of output>
Test time =   0.01 sec
----------------------------------------------------------
Test Passed.
"DynamicArrayOperator.ReadLastElement" end time: Jul 04 01:15 India Standard Time
"DynamicArrayOperator.ReadLastElement" time elapsed: 00:00:00
----------------------------------------------------------

24/291 Testing: DynamicArrayOperator.ModifyFirstElement
24/291 Test: DynamicArrayOperator.ModifyFirstElement
Command: "C:/Users/garvc/Desktop/CQ/Project-01/build/datest.exe" "--gtest_filter=DynamicArrayOperator.ModifyFirstElement" "--gtest_also_run_disabled_tests"
Directory: C:/Users/garvc/Desktop/CQ/Project-01/build
"DynamicArrayOperator.ModifyFirstElement" start time: Jul 04 01:15 India Standard Time
Output:
----------------------------------------------------------
Running main() from C:/Users/garvc/Desktop/CQ/Project-01/build/_deps/googletest-src/googletest/src/gtest_main.cc
Note: Google Test filter = DynamicArrayOperator.ModifyFirstElement
[==========] Running 1 test from 1 test suite.
[----------] Global test environment set-up.
[----------] 1 test from DynamicArrayOperator
[ RUN      ] DynamicArrayOperator.ModifyFirstElement
[       OK ] DynamicArrayOperator.ModifyFirstElement (0 ms)
[----------] 1 test from DynamicArrayOperator (0 ms total)

[----------] Global test environment tear-down
[==========] 1 test from 1 test suite ran. (0 ms total)
[  PASSED  ] 1 test.
<end of output>
Test time =   0.01 sec
----------------------------------------------------------
Test Passed.
"DynamicArrayOperator.ModifyFirstElement" end time: Jul 04 01:15 India Standard Time
"DynamicArrayOperator.ModifyFirstElement" time elapsed: 00:00:00
----------------------------------------------------------

25/291 Testing: DynamicArrayOperator.ModifyMiddleElement
25/291 Test: DynamicArrayOperator.ModifyMiddleElement
Command: "C:/Users/garvc/Desktop/CQ/Project-01/build/datest.exe" "--gtest_filter=DynamicArrayOperator.ModifyMiddleElement" "--gtest_also_run_disabled_tests"
Directory: C:/Users/garvc/Desktop/CQ/Project-01/build
"DynamicArrayOperator.ModifyMiddleElement" start time: Jul 04 01:15 India Standard Time
Output:
----------------------------------------------------------
Running main() from C:/Users/garvc/Desktop/CQ/Project-01/build/_deps/googletest-src/googletest/src/gtest_main.cc
Note: Google Test filter = DynamicArrayOperator.ModifyMiddleElement
[==========] Running 1 test from 1 test suite.
[----------] Global test environment set-up.
[----------] 1 test from DynamicArrayOperator
[ RUN      ] DynamicArrayOperator.ModifyMiddleElement
[       OK ] DynamicArrayOperator.ModifyMiddleElement (0 ms)
[----------] 1 test from DynamicArrayOperator (0 ms total)

[----------] Global test environment tear-down
[==========] 1 test from 1 test suite ran. (0 ms total)
[  PASSED  ] 1 test.
<end of output>
Test time =   0.01 sec
----------------------------------------------------------
Test Passed.
"DynamicArrayOperator.ModifyMiddleElement" end time: Jul 04 01:15 India Standard Time
"DynamicArrayOperator.ModifyMiddleElement" time elapsed: 00:00:00
----------------------------------------------------------

26/291 Testing: DynamicArrayOperator.ModifyLastElement
26/291 Test: DynamicArrayOperator.ModifyLastElement
Command: "C:/Users/garvc/Desktop/CQ/Project-01/build/datest.exe" "--gtest_filter=DynamicArrayOperator.ModifyLastElement" "--gtest_also_run_disabled_tests"
Directory: C:/Users/garvc/Desktop/CQ/Project-01/build
"DynamicArrayOperator.ModifyLastElement" start time: Jul 04 01:15 India Standard Time
Output:
----------------------------------------------------------
Running main() from C:/Users/garvc/Desktop/CQ/Project-01/build/_deps/googletest-src/googletest/src/gtest_main.cc
Note: Google Test filter = DynamicArrayOperator.ModifyLastElement
[==========] Running 1 test from 1 test suite.
[----------] Global test environment set-up.
[----------] 1 test from DynamicArrayOperator
[ RUN      ] DynamicArrayOperator.ModifyLastElement
[       OK ] DynamicArrayOperator.ModifyLastElement (0 ms)
[----------] 1 test from DynamicArrayOperator (0 ms total)

[----------] Global test environment tear-down
[==========] 1 test from 1 test suite ran. (0 ms total)
[  PASSED  ] 1 test.
<end of output>
Test time =   0.01 sec
----------------------------------------------------------
Test Passed.
"DynamicArrayOperator.ModifyLastElement" end time: Jul 04 01:15 India Standard Time
"DynamicArrayOperator.ModifyLastElement" time elapsed: 00:00:00
----------------------------------------------------------

27/291 Testing: DynamicArrayOperator.ConstRead
27/291 Test: DynamicArrayOperator.ConstRead
Command: "C:/Users/garvc/Desktop/CQ/Project-01/build/datest.exe" "--gtest_filter=DynamicArrayOperator.ConstRead" "--gtest_also_run_disabled_tests"
Directory: C:/Users/garvc/Desktop/CQ/Project-01/build
"DynamicArrayOperator.ConstRead" start time: Jul 04 01:15 India Standard Time
Output:
----------------------------------------------------------
Running main() from C:/Users/garvc/Desktop/CQ/Project-01/build/_deps/googletest-src/googletest/src/gtest_main.cc
Note: Google Test filter = DynamicArrayOperator.ConstRead
[==========] Running 1 test from 1 test suite.
[----------] Global test environment set-up.
[----------] 1 test from DynamicArrayOperator
[ RUN      ] DynamicArrayOperator.ConstRead
[       OK ] DynamicArrayOperator.ConstRead (0 ms)
[----------] 1 test from DynamicArrayOperator (0 ms total)

[----------] Global test environment tear-down
[==========] 1 test from 1 test suite ran. (0 ms total)
[  PASSED  ] 1 test.
<end of output>
Test time =   0.01 sec
----------------------------------------------------------
Test Passed.
"DynamicArrayOperator.ConstRead" end time: Jul 04 01:15 India Standard Time
"DynamicArrayOperator.ConstRead" time elapsed: 00:00:00
----------------------------------------------------------

28/291 Testing: DynamicArrayOperator.LargeDatasetAccess
28/291 Test: DynamicArrayOperator.LargeDatasetAccess
Command: "C:/Users/garvc/Desktop/CQ/Project-01/build/datest.exe" "--gtest_filter=DynamicArrayOperator.LargeDatasetAccess" "--gtest_also_run_disabled_tests"
Directory: C:/Users/garvc/Desktop/CQ/Project-01/build
"DynamicArrayOperator.LargeDatasetAccess" start time: Jul 04 01:15 India Standard Time
Output:
----------------------------------------------------------
Running main() from C:/Users/garvc/Desktop/CQ/Project-01/build/_deps/googletest-src/googletest/src/gtest_main.cc
Note: Google Test filter = DynamicArrayOperator.LargeDatasetAccess
[==========] Running 1 test from 1 test suite.
[----------] Global test environment set-up.
[----------] 1 test from DynamicArrayOperator
[ RUN      ] DynamicArrayOperator.LargeDatasetAccess
[       OK ] DynamicArrayOperator.LargeDatasetAccess (0 ms)
[----------] 1 test from DynamicArrayOperator (0 ms total)

[----------] Global test environment tear-down
[==========] 1 test from 1 test suite ran. (0 ms total)
[  PASSED  ] 1 test.
<end of output>
Test time =   0.01 sec
----------------------------------------------------------
Test Passed.
"DynamicArrayOperator.LargeDatasetAccess" end time: Jul 04 01:15 India Standard Time
"DynamicArrayOperator.LargeDatasetAccess" time elapsed: 00:00:00
----------------------------------------------------------

29/291 Testing: DynamicArrayOperator.ArithmeticExpression
29/291 Test: DynamicArrayOperator.ArithmeticExpression
Command: "C:/Users/garvc/Desktop/CQ/Project-01/build/datest.exe" "--gtest_filter=DynamicArrayOperator.ArithmeticExpression" "--gtest_also_run_disabled_tests"
Directory: C:/Users/garvc/Desktop/CQ/Project-01/build
"DynamicArrayOperator.ArithmeticExpression" start time: Jul 04 01:15 India Standard Time
Output:
----------------------------------------------------------
Running main() from C:/Users/garvc/Desktop/CQ/Project-01/build/_deps/googletest-src/googletest/src/gtest_main.cc
Note: Google Test filter = DynamicArrayOperator.ArithmeticExpression
[==========] Running 1 test from 1 test suite.
[----------] Global test environment set-up.
[----------] 1 test from DynamicArrayOperator
[ RUN      ] DynamicArrayOperator.ArithmeticExpression
[       OK ] DynamicArrayOperator.ArithmeticExpression (0 ms)
[----------] 1 test from DynamicArrayOperator (0 ms total)

[----------] Global test environment tear-down
[==========] 1 test from 1 test suite ran. (0 ms total)
[  PASSED  ] 1 test.
<end of output>
Test time =   0.01 sec
----------------------------------------------------------
Test Passed.
"DynamicArrayOperator.ArithmeticExpression" end time: Jul 04 01:15 India Standard Time
"DynamicArrayOperator.ArithmeticExpression" time elapsed: 00:00:00
----------------------------------------------------------

30/291 Testing: DynamicArrayIterator.BeginPointsToFirstElement
30/291 Test: DynamicArrayIterator.BeginPointsToFirstElement
Command: "C:/Users/garvc/Desktop/CQ/Project-01/build/datest.exe" "--gtest_filter=DynamicArrayIterator.BeginPointsToFirstElement" "--gtest_also_run_disabled_tests"
Directory: C:/Users/garvc/Desktop/CQ/Project-01/build
"DynamicArrayIterator.BeginPointsToFirstElement" start time: Jul 04 01:15 India Standard Time
Output:
----------------------------------------------------------
Running main() from C:/Users/garvc/Desktop/CQ/Project-01/build/_deps/googletest-src/googletest/src/gtest_main.cc
Note: Google Test filter = DynamicArrayIterator.BeginPointsToFirstElement
[==========] Running 1 test from 1 test suite.
[----------] Global test environment set-up.
[----------] 1 test from DynamicArrayIterator
[ RUN      ] DynamicArrayIterator.BeginPointsToFirstElement
[       OK ] DynamicArrayIterator.BeginPointsToFirstElement (0 ms)
[----------] 1 test from DynamicArrayIterator (0 ms total)

[----------] Global test environment tear-down
[==========] 1 test from 1 test suite ran. (0 ms total)
[  PASSED  ] 1 test.
<end of output>
Test time =   0.01 sec
----------------------------------------------------------
Test Passed.
"DynamicArrayIterator.BeginPointsToFirstElement" end time: Jul 04 01:15 India Standard Time
"DynamicArrayIterator.BeginPointsToFirstElement" time elapsed: 00:00:00
----------------------------------------------------------

31/291 Testing: DynamicArrayIterator.EndMinusBeginEqualsSize
31/291 Test: DynamicArrayIterator.EndMinusBeginEqualsSize
Command: "C:/Users/garvc/Desktop/CQ/Project-01/build/datest.exe" "--gtest_filter=DynamicArrayIterator.EndMinusBeginEqualsSize" "--gtest_also_run_disabled_tests"
Directory: C:/Users/garvc/Desktop/CQ/Project-01/build
"DynamicArrayIterator.EndMinusBeginEqualsSize" start time: Jul 04 01:15 India Standard Time
Output:
----------------------------------------------------------
Running main() from C:/Users/garvc/Desktop/CQ/Project-01/build/_deps/googletest-src/googletest/src/gtest_main.cc
Note: Google Test filter = DynamicArrayIterator.EndMinusBeginEqualsSize
[==========] Running 1 test from 1 test suite.
[----------] Global test environment set-up.
[----------] 1 test from DynamicArrayIterator
[ RUN      ] DynamicArrayIterator.EndMinusBeginEqualsSize
[       OK ] DynamicArrayIterator.EndMinusBeginEqualsSize (0 ms)
[----------] 1 test from DynamicArrayIterator (0 ms total)

[----------] Global test environment tear-down
[==========] 1 test from 1 test suite ran. (0 ms total)
[  PASSED  ] 1 test.
<end of output>
Test time =   0.01 sec
----------------------------------------------------------
Test Passed.
"DynamicArrayIterator.EndMinusBeginEqualsSize" end time: Jul 04 01:15 India Standard Time
"DynamicArrayIterator.EndMinusBeginEqualsSize" time elapsed: 00:00:00
----------------------------------------------------------

32/291 Testing: DynamicArrayIterator.IterateUsingPointers
32/291 Test: DynamicArrayIterator.IterateUsingPointers
Command: "C:/Users/garvc/Desktop/CQ/Project-01/build/datest.exe" "--gtest_filter=DynamicArrayIterator.IterateUsingPointers" "--gtest_also_run_disabled_tests"
Directory: C:/Users/garvc/Desktop/CQ/Project-01/build
"DynamicArrayIterator.IterateUsingPointers" start time: Jul 04 01:15 India Standard Time
Output:
----------------------------------------------------------
Running main() from C:/Users/garvc/Desktop/CQ/Project-01/build/_deps/googletest-src/googletest/src/gtest_main.cc
Note: Google Test filter = DynamicArrayIterator.IterateUsingPointers
[==========] Running 1 test from 1 test suite.
[----------] Global test environment set-up.
[----------] 1 test from DynamicArrayIterator
[ RUN      ] DynamicArrayIterator.IterateUsingPointers
[       OK ] DynamicArrayIterator.IterateUsingPointers (0 ms)
[----------] 1 test from DynamicArrayIterator (0 ms total)

[----------] Global test environment tear-down
[==========] 1 test from 1 test suite ran. (0 ms total)
[  PASSED  ] 1 test.
<end of output>
Test time =   0.01 sec
----------------------------------------------------------
Test Passed.
"DynamicArrayIterator.IterateUsingPointers" end time: Jul 04 01:15 India Standard Time
"DynamicArrayIterator.IterateUsingPointers" time elapsed: 00:00:00
----------------------------------------------------------

33/291 Testing: DynamicArrayIterator.EmptyArrayBeginEqualsEnd
33/291 Test: DynamicArrayIterator.EmptyArrayBeginEqualsEnd
Command: "C:/Users/garvc/Desktop/CQ/Project-01/build/datest.exe" "--gtest_filter=DynamicArrayIterator.EmptyArrayBeginEqualsEnd" "--gtest_also_run_disabled_tests"
Directory: C:/Users/garvc/Desktop/CQ/Project-01/build
"DynamicArrayIterator.EmptyArrayBeginEqualsEnd" start time: Jul 04 01:15 India Standard Time
Output:
----------------------------------------------------------
Running main() from C:/Users/garvc/Desktop/CQ/Project-01/build/_deps/googletest-src/googletest/src/gtest_main.cc
Note: Google Test filter = DynamicArrayIterator.EmptyArrayBeginEqualsEnd
[==========] Running 1 test from 1 test suite.
[----------] Global test environment set-up.
[----------] 1 test from DynamicArrayIterator
[ RUN      ] DynamicArrayIterator.EmptyArrayBeginEqualsEnd
[       OK ] DynamicArrayIterator.EmptyArrayBeginEqualsEnd (0 ms)
[----------] 1 test from DynamicArrayIterator (0 ms total)

[----------] Global test environment tear-down
[==========] 1 test from 1 test suite ran. (0 ms total)
[  PASSED  ] 1 test.
<end of output>
Test time =   0.02 sec
----------------------------------------------------------
Test Passed.
"DynamicArrayIterator.EmptyArrayBeginEqualsEnd" end time: Jul 04 01:15 India Standard Time
"DynamicArrayIterator.EmptyArrayBeginEqualsEnd" time elapsed: 00:00:00
----------------------------------------------------------

34/291 Testing: DynamicArrayIterator.RangeBasedForLoop
34/291 Test: DynamicArrayIterator.RangeBasedForLoop
Command: "C:/Users/garvc/Desktop/CQ/Project-01/build/datest.exe" "--gtest_filter=DynamicArrayIterator.RangeBasedForLoop" "--gtest_also_run_disabled_tests"
Directory: C:/Users/garvc/Desktop/CQ/Project-01/build
"DynamicArrayIterator.RangeBasedForLoop" start time: Jul 04 01:15 India Standard Time
Output:
----------------------------------------------------------
Running main() from C:/Users/garvc/Desktop/CQ/Project-01/build/_deps/googletest-src/googletest/src/gtest_main.cc
Note: Google Test filter = DynamicArrayIterator.RangeBasedForLoop
[==========] Running 1 test from 1 test suite.
[----------] Global test environment set-up.
[----------] 1 test from DynamicArrayIterator
[ RUN      ] DynamicArrayIterator.RangeBasedForLoop
[       OK ] DynamicArrayIterator.RangeBasedForLoop (0 ms)
[----------] 1 test from DynamicArrayIterator (0 ms total)

[----------] Global test environment tear-down
[==========] 1 test from 1 test suite ran. (0 ms total)
[  PASSED  ] 1 test.
<end of output>
Test time =   0.03 sec
----------------------------------------------------------
Test Passed.
"DynamicArrayIterator.RangeBasedForLoop" end time: Jul 04 01:15 India Standard Time
"DynamicArrayIterator.RangeBasedForLoop" time elapsed: 00:00:00
----------------------------------------------------------

35/291 Testing: DynamicArrayIterator.ModifyUsingIterator
35/291 Test: DynamicArrayIterator.ModifyUsingIterator
Command: "C:/Users/garvc/Desktop/CQ/Project-01/build/datest.exe" "--gtest_filter=DynamicArrayIterator.ModifyUsingIterator" "--gtest_also_run_disabled_tests"
Directory: C:/Users/garvc/Desktop/CQ/Project-01/build
"DynamicArrayIterator.ModifyUsingIterator" start time: Jul 04 01:15 India Standard Time
Output:
----------------------------------------------------------
Running main() from C:/Users/garvc/Desktop/CQ/Project-01/build/_deps/googletest-src/googletest/src/gtest_main.cc
Note: Google Test filter = DynamicArrayIterator.ModifyUsingIterator
[==========] Running 1 test from 1 test suite.
[----------] Global test environment set-up.
[----------] 1 test from DynamicArrayIterator
[ RUN      ] DynamicArrayIterator.ModifyUsingIterator
[       OK ] DynamicArrayIterator.ModifyUsingIterator (0 ms)
[----------] 1 test from DynamicArrayIterator (0 ms total)

[----------] Global test environment tear-down
[==========] 1 test from 1 test suite ran. (0 ms total)
[  PASSED  ] 1 test.
<end of output>
Test time =   0.02 sec
----------------------------------------------------------
Test Passed.
"DynamicArrayIterator.ModifyUsingIterator" end time: Jul 04 01:15 India Standard Time
"DynamicArrayIterator.ModifyUsingIterator" time elapsed: 00:00:00
----------------------------------------------------------

36/291 Testing: DynamicArrayIteratorConstructor.ConstructFromArray
36/291 Test: DynamicArrayIteratorConstructor.ConstructFromArray
Command: "C:/Users/garvc/Desktop/CQ/Project-01/build/datest.exe" "--gtest_filter=DynamicArrayIteratorConstructor.ConstructFromArray" "--gtest_also_run_disabled_tests"
Directory: C:/Users/garvc/Desktop/CQ/Project-01/build
"DynamicArrayIteratorConstructor.ConstructFromArray" start time: Jul 04 01:15 India Standard Time
Output:
----------------------------------------------------------
Running main() from C:/Users/garvc/Desktop/CQ/Project-01/build/_deps/googletest-src/googletest/src/gtest_main.cc
Note: Google Test filter = DynamicArrayIteratorConstructor.ConstructFromArray
[==========] Running 1 test from 1 test suite.
[----------] Global test environment set-up.
[----------] 1 test from DynamicArrayIteratorConstructor
[ RUN      ] DynamicArrayIteratorConstructor.ConstructFromArray
[       OK ] DynamicArrayIteratorConstructor.ConstructFromArray (0 ms)
[----------] 1 test from DynamicArrayIteratorConstructor (0 ms total)

[----------] Global test environment tear-down
[==========] 1 test from 1 test suite ran. (0 ms total)
[  PASSED  ] 1 test.
<end of output>
Test time =   0.02 sec
----------------------------------------------------------
Test Passed.
"DynamicArrayIteratorConstructor.ConstructFromArray" end time: Jul 04 01:15 India Standard Time
"DynamicArrayIteratorConstructor.ConstructFromArray" time elapsed: 00:00:00
----------------------------------------------------------

37/291 Testing: DynamicArrayIteratorConstructor.ConstructSingleElement
37/291 Test: DynamicArrayIteratorConstructor.ConstructSingleElement
Command: "C:/Users/garvc/Desktop/CQ/Project-01/build/datest.exe" "--gtest_filter=DynamicArrayIteratorConstructor.ConstructSingleElement" "--gtest_also_run_disabled_tests"
Directory: C:/Users/garvc/Desktop/CQ/Project-01/build
"DynamicArrayIteratorConstructor.ConstructSingleElement" start time: Jul 04 01:15 India Standard Time
Output:
----------------------------------------------------------
Running main() from C:/Users/garvc/Desktop/CQ/Project-01/build/_deps/googletest-src/googletest/src/gtest_main.cc
Note: Google Test filter = DynamicArrayIteratorConstructor.ConstructSingleElement
[==========] Running 1 test from 1 test suite.
[----------] Global test environment set-up.
[----------] 1 test from DynamicArrayIteratorConstructor
[ RUN      ] DynamicArrayIteratorConstructor.ConstructSingleElement
[       OK ] DynamicArrayIteratorConstructor.ConstructSingleElement (0 ms)
[----------] 1 test from DynamicArrayIteratorConstructor (0 ms total)

[----------] Global test environment tear-down
[==========] 1 test from 1 test suite ran. (0 ms total)
[  PASSED  ] 1 test.
<end of output>
Test time =   0.02 sec
----------------------------------------------------------
Test Passed.
"DynamicArrayIteratorConstructor.ConstructSingleElement" end time: Jul 04 01:15 India Standard Time
"DynamicArrayIteratorConstructor.ConstructSingleElement" time elapsed: 00:00:00
----------------------------------------------------------

38/291 Testing: DynamicArrayIteratorConstructor.ConstructEmptyRange
38/291 Test: DynamicArrayIteratorConstructor.ConstructEmptyRange
Command: "C:/Users/garvc/Desktop/CQ/Project-01/build/datest.exe" "--gtest_filter=DynamicArrayIteratorConstructor.ConstructEmptyRange" "--gtest_also_run_disabled_tests"
Directory: C:/Users/garvc/Desktop/CQ/Project-01/build
"DynamicArrayIteratorConstructor.ConstructEmptyRange" start time: Jul 04 01:15 India Standard Time
Output:
----------------------------------------------------------
Running main() from C:/Users/garvc/Desktop/CQ/Project-01/build/_deps/googletest-src/googletest/src/gtest_main.cc
Note: Google Test filter = DynamicArrayIteratorConstructor.ConstructEmptyRange
[==========] Running 1 test from 1 test suite.
[----------] Global test environment set-up.
[----------] 1 test from DynamicArrayIteratorConstructor
[ RUN      ] DynamicArrayIteratorConstructor.ConstructEmptyRange
[       OK ] DynamicArrayIteratorConstructor.ConstructEmptyRange (0 ms)
[----------] 1 test from DynamicArrayIteratorConstructor (0 ms total)

[----------] Global test environment tear-down
[==========] 1 test from 1 test suite ran. (0 ms total)
[  PASSED  ] 1 test.
<end of output>
Test time =   0.01 sec
----------------------------------------------------------
Test Passed.
"DynamicArrayIteratorConstructor.ConstructEmptyRange" end time: Jul 04 01:15 India Standard Time
"DynamicArrayIteratorConstructor.ConstructEmptyRange" time elapsed: 00:00:00
----------------------------------------------------------

39/291 Testing: DynamicArrayDSConstructor.ConstructFromDynamicArray
39/291 Test: DynamicArrayDSConstructor.ConstructFromDynamicArray
Command: "C:/Users/garvc/Desktop/CQ/Project-01/build/datest.exe" "--gtest_filter=DynamicArrayDSConstructor.ConstructFromDynamicArray" "--gtest_also_run_disabled_tests"
Directory: C:/Users/garvc/Desktop/CQ/Project-01/build
"DynamicArrayDSConstructor.ConstructFromDynamicArray" start time: Jul 04 01:15 India Standard Time
Output:
----------------------------------------------------------
Running main() from C:/Users/garvc/Desktop/CQ/Project-01/build/_deps/googletest-src/googletest/src/gtest_main.cc
Note: Google Test filter = DynamicArrayDSConstructor.ConstructFromDynamicArray
[==========] Running 1 test from 1 test suite.
[----------] Global test environment set-up.
[----------] 1 test from DynamicArrayDSConstructor
[ RUN      ] DynamicArrayDSConstructor.ConstructFromDynamicArray
[       OK ] DynamicArrayDSConstructor.ConstructFromDynamicArray (0 ms)
[----------] 1 test from DynamicArrayDSConstructor (0 ms total)

[----------] Global test environment tear-down
[==========] 1 test from 1 test suite ran. (0 ms total)
[  PASSED  ] 1 test.
<end of output>
Test time =   0.01 sec
----------------------------------------------------------
Test Passed.
"DynamicArrayDSConstructor.ConstructFromDynamicArray" end time: Jul 04 01:15 India Standard Time
"DynamicArrayDSConstructor.ConstructFromDynamicArray" time elapsed: 00:00:00
----------------------------------------------------------

40/291 Testing: DynamicArrayDSConstructor.IndependentCopy
40/291 Test: DynamicArrayDSConstructor.IndependentCopy
Command: "C:/Users/garvc/Desktop/CQ/Project-01/build/datest.exe" "--gtest_filter=DynamicArrayDSConstructor.IndependentCopy" "--gtest_also_run_disabled_tests"
Directory: C:/Users/garvc/Desktop/CQ/Project-01/build
"DynamicArrayDSConstructor.IndependentCopy" start time: Jul 04 01:15 India Standard Time
Output:
----------------------------------------------------------
Running main() from C:/Users/garvc/Desktop/CQ/Project-01/build/_deps/googletest-src/googletest/src/gtest_main.cc
Note: Google Test filter = DynamicArrayDSConstructor.IndependentCopy
[==========] Running 1 test from 1 test suite.
[----------] Global test environment set-up.
[----------] 1 test from DynamicArrayDSConstructor
[ RUN      ] DynamicArrayDSConstructor.IndependentCopy
[       OK ] DynamicArrayDSConstructor.IndependentCopy (0 ms)
[----------] 1 test from DynamicArrayDSConstructor (0 ms total)

[----------] Global test environment tear-down
[==========] 1 test from 1 test suite ran. (0 ms total)
[  PASSED  ] 1 test.
<end of output>
Test time =   0.01 sec
----------------------------------------------------------
Test Passed.
"DynamicArrayDSConstructor.IndependentCopy" end time: Jul 04 01:15 India Standard Time
"DynamicArrayDSConstructor.IndependentCopy" time elapsed: 00:00:00
----------------------------------------------------------

41/291 Testing: DynamicArrayDSConstructor.ConstructFromEmptyDynamicArray
41/291 Test: DynamicArrayDSConstructor.ConstructFromEmptyDynamicArray
Command: "C:/Users/garvc/Desktop/CQ/Project-01/build/datest.exe" "--gtest_filter=DynamicArrayDSConstructor.ConstructFromEmptyDynamicArray" "--gtest_also_run_disabled_tests"
Directory: C:/Users/garvc/Desktop/CQ/Project-01/build
"DynamicArrayDSConstructor.ConstructFromEmptyDynamicArray" start time: Jul 04 01:15 India Standard Time
Output:
----------------------------------------------------------
Running main() from C:/Users/garvc/Desktop/CQ/Project-01/build/_deps/googletest-src/googletest/src/gtest_main.cc
Note: Google Test filter = DynamicArrayDSConstructor.ConstructFromEmptyDynamicArray
[==========] Running 1 test from 1 test suite.
[----------] Global test environment set-up.
[----------] 1 test from DynamicArrayDSConstructor
[ RUN      ] DynamicArrayDSConstructor.ConstructFromEmptyDynamicArray
[       OK ] DynamicArrayDSConstructor.ConstructFromEmptyDynamicArray (0 ms)
[----------] 1 test from DynamicArrayDSConstructor (0 ms total)

[----------] Global test environment tear-down
[==========] 1 test from 1 test suite ran. (0 ms total)
[  PASSED  ] 1 test.
<end of output>
Test time =   0.01 sec
----------------------------------------------------------
Test Passed.
"DynamicArrayDSConstructor.ConstructFromEmptyDynamicArray" end time: Jul 04 01:15 India Standard Time
"DynamicArrayDSConstructor.ConstructFromEmptyDynamicArray" time elapsed: 00:00:00
----------------------------------------------------------

42/291 Testing: DynamicArrayInsertTest.InsertAtBeginning
42/291 Test: DynamicArrayInsertTest.InsertAtBeginning
Command: "C:/Users/garvc/Desktop/CQ/Project-01/build/datest.exe" "--gtest_filter=DynamicArrayInsertTest.InsertAtBeginning" "--gtest_also_run_disabled_tests"
Directory: C:/Users/garvc/Desktop/CQ/Project-01/build
"DynamicArrayInsertTest.InsertAtBeginning" start time: Jul 04 01:15 India Standard Time
Output:
----------------------------------------------------------
Running main() from C:/Users/garvc/Desktop/CQ/Project-01/build/_deps/googletest-src/googletest/src/gtest_main.cc
Note: Google Test filter = DynamicArrayInsertTest.InsertAtBeginning
[==========] Running 1 test from 1 test suite.
[----------] Global test environment set-up.
[----------] 1 test from DynamicArrayInsertTest
[ RUN      ] DynamicArrayInsertTest.InsertAtBeginning
[       OK ] DynamicArrayInsertTest.InsertAtBeginning (0 ms)
[----------] 1 test from DynamicArrayInsertTest (0 ms total)

[----------] Global test environment tear-down
[==========] 1 test from 1 test suite ran. (0 ms total)
[  PASSED  ] 1 test.
<end of output>
Test time =   0.01 sec
----------------------------------------------------------
Test Passed.
"DynamicArrayInsertTest.InsertAtBeginning" end time: Jul 04 01:15 India Standard Time
"DynamicArrayInsertTest.InsertAtBeginning" time elapsed: 00:00:00
----------------------------------------------------------

43/291 Testing: DynamicArrayInsertTest.InsertAtMiddle
43/291 Test: DynamicArrayInsertTest.InsertAtMiddle
Command: "C:/Users/garvc/Desktop/CQ/Project-01/build/datest.exe" "--gtest_filter=DynamicArrayInsertTest.InsertAtMiddle" "--gtest_also_run_disabled_tests"
Directory: C:/Users/garvc/Desktop/CQ/Project-01/build
"DynamicArrayInsertTest.InsertAtMiddle" start time: Jul 04 01:15 India Standard Time
Output:
----------------------------------------------------------
Running main() from C:/Users/garvc/Desktop/CQ/Project-01/build/_deps/googletest-src/googletest/src/gtest_main.cc
Note: Google Test filter = DynamicArrayInsertTest.InsertAtMiddle
[==========] Running 1 test from 1 test suite.
[----------] Global test environment set-up.
[----------] 1 test from DynamicArrayInsertTest
[ RUN      ] DynamicArrayInsertTest.InsertAtMiddle
[       OK ] DynamicArrayInsertTest.InsertAtMiddle (0 ms)
[----------] 1 test from DynamicArrayInsertTest (0 ms total)

[----------] Global test environment tear-down
[==========] 1 test from 1 test suite ran. (0 ms total)
[  PASSED  ] 1 test.
<end of output>
Test time =   0.01 sec
----------------------------------------------------------
Test Passed.
"DynamicArrayInsertTest.InsertAtMiddle" end time: Jul 04 01:15 India Standard Time
"DynamicArrayInsertTest.InsertAtMiddle" time elapsed: 00:00:00
----------------------------------------------------------

44/291 Testing: DynamicArrayInsertTest.InsertAtEnd
44/291 Test: DynamicArrayInsertTest.InsertAtEnd
Command: "C:/Users/garvc/Desktop/CQ/Project-01/build/datest.exe" "--gtest_filter=DynamicArrayInsertTest.InsertAtEnd" "--gtest_also_run_disabled_tests"
Directory: C:/Users/garvc/Desktop/CQ/Project-01/build
"DynamicArrayInsertTest.InsertAtEnd" start time: Jul 04 01:15 India Standard Time
Output:
----------------------------------------------------------
Running main() from C:/Users/garvc/Desktop/CQ/Project-01/build/_deps/googletest-src/googletest/src/gtest_main.cc
Note: Google Test filter = DynamicArrayInsertTest.InsertAtEnd
[==========] Running 1 test from 1 test suite.
[----------] Global test environment set-up.
[----------] 1 test from DynamicArrayInsertTest
[ RUN      ] DynamicArrayInsertTest.InsertAtEnd
[       OK ] DynamicArrayInsertTest.InsertAtEnd (0 ms)
[----------] 1 test from DynamicArrayInsertTest (0 ms total)

[----------] Global test environment tear-down
[==========] 1 test from 1 test suite ran. (0 ms total)
[  PASSED  ] 1 test.
<end of output>
Test time =   0.01 sec
----------------------------------------------------------
Test Passed.
"DynamicArrayInsertTest.InsertAtEnd" end time: Jul 04 01:15 India Standard Time
"DynamicArrayInsertTest.InsertAtEnd" time elapsed: 00:00:00
----------------------------------------------------------

45/291 Testing: DynamicArrayInsert.InsertIntoEmptyArray
45/291 Test: DynamicArrayInsert.InsertIntoEmptyArray
Command: "C:/Users/garvc/Desktop/CQ/Project-01/build/datest.exe" "--gtest_filter=DynamicArrayInsert.InsertIntoEmptyArray" "--gtest_also_run_disabled_tests"
Directory: C:/Users/garvc/Desktop/CQ/Project-01/build
"DynamicArrayInsert.InsertIntoEmptyArray" start time: Jul 04 01:15 India Standard Time
Output:
----------------------------------------------------------
Running main() from C:/Users/garvc/Desktop/CQ/Project-01/build/_deps/googletest-src/googletest/src/gtest_main.cc
Note: Google Test filter = DynamicArrayInsert.InsertIntoEmptyArray
[==========] Running 1 test from 1 test suite.
[----------] Global test environment set-up.
[----------] 1 test from DynamicArrayInsert
[ RUN      ] DynamicArrayInsert.InsertIntoEmptyArray
[       OK ] DynamicArrayInsert.InsertIntoEmptyArray (0 ms)
[----------] 1 test from DynamicArrayInsert (0 ms total)

[----------] Global test environment tear-down
[==========] 1 test from 1 test suite ran. (0 ms total)
[  PASSED  ] 1 test.
<end of output>
Test time =   0.01 sec
----------------------------------------------------------
Test Passed.
"DynamicArrayInsert.InsertIntoEmptyArray" end time: Jul 04 01:15 India Standard Time
"DynamicArrayInsert.InsertIntoEmptyArray" time elapsed: 00:00:00
----------------------------------------------------------

46/291 Testing: DynamicArrayInsert.InsertBeginningSingleElement
46/291 Test: DynamicArrayInsert.InsertBeginningSingleElement
Command: "C:/Users/garvc/Desktop/CQ/Project-01/build/datest.exe" "--gtest_filter=DynamicArrayInsert.InsertBeginningSingleElement" "--gtest_also_run_disabled_tests"
Directory: C:/Users/garvc/Desktop/CQ/Project-01/build
"DynamicArrayInsert.InsertBeginningSingleElement" start time: Jul 04 01:15 India Standard Time
Output:
----------------------------------------------------------
Running main() from C:/Users/garvc/Desktop/CQ/Project-01/build/_deps/googletest-src/googletest/src/gtest_main.cc
Note: Google Test filter = DynamicArrayInsert.InsertBeginningSingleElement
[==========] Running 1 test from 1 test suite.
[----------] Global test environment set-up.
[----------] 1 test from DynamicArrayInsert
[ RUN      ] DynamicArrayInsert.InsertBeginningSingleElement
[       OK ] DynamicArrayInsert.InsertBeginningSingleElement (0 ms)
[----------] 1 test from DynamicArrayInsert (0 ms total)

[----------] Global test environment tear-down
[==========] 1 test from 1 test suite ran. (0 ms total)
[  PASSED  ] 1 test.
<end of output>
Test time =   0.01 sec
----------------------------------------------------------
Test Passed.
"DynamicArrayInsert.InsertBeginningSingleElement" end time: Jul 04 01:15 India Standard Time
"DynamicArrayInsert.InsertBeginningSingleElement" time elapsed: 00:00:00
----------------------------------------------------------

47/291 Testing: DynamicArrayInsert.InsertEndSingleElement
47/291 Test: DynamicArrayInsert.InsertEndSingleElement
Command: "C:/Users/garvc/Desktop/CQ/Project-01/build/datest.exe" "--gtest_filter=DynamicArrayInsert.InsertEndSingleElement" "--gtest_also_run_disabled_tests"
Directory: C:/Users/garvc/Desktop/CQ/Project-01/build
"DynamicArrayInsert.InsertEndSingleElement" start time: Jul 04 01:15 India Standard Time
Output:
----------------------------------------------------------
Running main() from C:/Users/garvc/Desktop/CQ/Project-01/build/_deps/googletest-src/googletest/src/gtest_main.cc
Note: Google Test filter = DynamicArrayInsert.InsertEndSingleElement
[==========] Running 1 test from 1 test suite.
[----------] Global test environment set-up.
[----------] 1 test from DynamicArrayInsert
[ RUN      ] DynamicArrayInsert.InsertEndSingleElement
[       OK ] DynamicArrayInsert.InsertEndSingleElement (0 ms)
[----------] 1 test from DynamicArrayInsert (0 ms total)

[----------] Global test environment tear-down
[==========] 1 test from 1 test suite ran. (0 ms total)
[  PASSED  ] 1 test.
<end of output>
Test time =   0.01 sec
----------------------------------------------------------
Test Passed.
"DynamicArrayInsert.InsertEndSingleElement" end time: Jul 04 01:15 India Standard Time
"DynamicArrayInsert.InsertEndSingleElement" time elapsed: 00:00:00
----------------------------------------------------------

48/291 Testing: DynamicArrayInsert.InsertTriggersResize
48/291 Test: DynamicArrayInsert.InsertTriggersResize
Command: "C:/Users/garvc/Desktop/CQ/Project-01/build/datest.exe" "--gtest_filter=DynamicArrayInsert.InsertTriggersResize" "--gtest_also_run_disabled_tests"
Directory: C:/Users/garvc/Desktop/CQ/Project-01/build
"DynamicArrayInsert.InsertTriggersResize" start time: Jul 04 01:15 India Standard Time
Output:
----------------------------------------------------------
Running main() from C:/Users/garvc/Desktop/CQ/Project-01/build/_deps/googletest-src/googletest/src/gtest_main.cc
Note: Google Test filter = DynamicArrayInsert.InsertTriggersResize
[==========] Running 1 test from 1 test suite.
[----------] Global test environment set-up.
[----------] 1 test from DynamicArrayInsert
[ RUN      ] DynamicArrayInsert.InsertTriggersResize
[       OK ] DynamicArrayInsert.InsertTriggersResize (0 ms)
[----------] 1 test from DynamicArrayInsert (0 ms total)

[----------] Global test environment tear-down
[==========] 1 test from 1 test suite ran. (0 ms total)
[  PASSED  ] 1 test.
<end of output>
Test time =   0.01 sec
----------------------------------------------------------
Test Passed.
"DynamicArrayInsert.InsertTriggersResize" end time: Jul 04 01:15 India Standard Time
"DynamicArrayInsert.InsertTriggersResize" time elapsed: 00:00:00
----------------------------------------------------------

49/291 Testing: DynamicArrayInsert.InsertNegativeIndexThrows
49/291 Test: DynamicArrayInsert.InsertNegativeIndexThrows
Command: "C:/Users/garvc/Desktop/CQ/Project-01/build/datest.exe" "--gtest_filter=DynamicArrayInsert.InsertNegativeIndexThrows" "--gtest_also_run_disabled_tests"
Directory: C:/Users/garvc/Desktop/CQ/Project-01/build
"DynamicArrayInsert.InsertNegativeIndexThrows" start time: Jul 04 01:15 India Standard Time
Output:
----------------------------------------------------------
Running main() from C:/Users/garvc/Desktop/CQ/Project-01/build/_deps/googletest-src/googletest/src/gtest_main.cc
Note: Google Test filter = DynamicArrayInsert.InsertNegativeIndexThrows
[==========] Running 1 test from 1 test suite.
[----------] Global test environment set-up.
[----------] 1 test from DynamicArrayInsert
[ RUN      ] DynamicArrayInsert.InsertNegativeIndexThrows
[       OK ] DynamicArrayInsert.InsertNegativeIndexThrows (1 ms)
[----------] 1 test from DynamicArrayInsert (1 ms total)

[----------] Global test environment tear-down
[==========] 1 test from 1 test suite ran. (1 ms total)
[  PASSED  ] 1 test.
<end of output>
Test time =   0.02 sec
----------------------------------------------------------
Test Passed.
"DynamicArrayInsert.InsertNegativeIndexThrows" end time: Jul 04 01:15 India Standard Time
"DynamicArrayInsert.InsertNegativeIndexThrows" time elapsed: 00:00:00
----------------------------------------------------------

50/291 Testing: DynamicArrayInsert.InsertPastEndThrows
50/291 Test: DynamicArrayInsert.InsertPastEndThrows
Command: "C:/Users/garvc/Desktop/CQ/Project-01/build/datest.exe" "--gtest_filter=DynamicArrayInsert.InsertPastEndThrows" "--gtest_also_run_disabled_tests"
Directory: C:/Users/garvc/Desktop/CQ/Project-01/build
"DynamicArrayInsert.InsertPastEndThrows" start time: Jul 04 01:15 India Standard Time
Output:
----------------------------------------------------------
Running main() from C:/Users/garvc/Desktop/CQ/Project-01/build/_deps/googletest-src/googletest/src/gtest_main.cc
Note: Google Test filter = DynamicArrayInsert.InsertPastEndThrows
[==========] Running 1 test from 1 test suite.
[----------] Global test environment set-up.
[----------] 1 test from DynamicArrayInsert
[ RUN      ] DynamicArrayInsert.InsertPastEndThrows
[       OK ] DynamicArrayInsert.InsertPastEndThrows (0 ms)
[----------] 1 test from DynamicArrayInsert (0 ms total)

[----------] Global test environment tear-down
[==========] 1 test from 1 test suite ran. (0 ms total)
[  PASSED  ] 1 test.
<end of output>
Test time =   0.02 sec
----------------------------------------------------------
Test Passed.
"DynamicArrayInsert.InsertPastEndThrows" end time: Jul 04 01:15 India Standard Time
"DynamicArrayInsert.InsertPastEndThrows" time elapsed: 00:00:00
----------------------------------------------------------

51/291 Testing: DynamicArrayInsert.InsertLargeDataset
51/291 Test: DynamicArrayInsert.InsertLargeDataset
Command: "C:/Users/garvc/Desktop/CQ/Project-01/build/datest.exe" "--gtest_filter=DynamicArrayInsert.InsertLargeDataset" "--gtest_also_run_disabled_tests"
Directory: C:/Users/garvc/Desktop/CQ/Project-01/build
"DynamicArrayInsert.InsertLargeDataset" start time: Jul 04 01:15 India Standard Time
Output:
----------------------------------------------------------
Running main() from C:/Users/garvc/Desktop/CQ/Project-01/build/_deps/googletest-src/googletest/src/gtest_main.cc
Note: Google Test filter = DynamicArrayInsert.InsertLargeDataset
[==========] Running 1 test from 1 test suite.
[----------] Global test environment set-up.
[----------] 1 test from DynamicArrayInsert
[ RUN      ] DynamicArrayInsert.InsertLargeDataset
[       OK ] DynamicArrayInsert.InsertLargeDataset (0 ms)
[----------] 1 test from DynamicArrayInsert (0 ms total)

[----------] Global test environment tear-down
[==========] 1 test from 1 test suite ran. (0 ms total)
[  PASSED  ] 1 test.
<end of output>
Test time =   0.02 sec
----------------------------------------------------------
Test Passed.
"DynamicArrayInsert.InsertLargeDataset" end time: Jul 04 01:15 India Standard Time
"DynamicArrayInsert.InsertLargeDataset" time elapsed: 00:00:00
----------------------------------------------------------

52/291 Testing: DynamicArrayInsert.MultipleInsertions
52/291 Test: DynamicArrayInsert.MultipleInsertions
Command: "C:/Users/garvc/Desktop/CQ/Project-01/build/datest.exe" "--gtest_filter=DynamicArrayInsert.MultipleInsertions" "--gtest_also_run_disabled_tests"
Directory: C:/Users/garvc/Desktop/CQ/Project-01/build
"DynamicArrayInsert.MultipleInsertions" start time: Jul 04 01:15 India Standard Time
Output:
----------------------------------------------------------
Running main() from C:/Users/garvc/Desktop/CQ/Project-01/build/_deps/googletest-src/googletest/src/gtest_main.cc
Note: Google Test filter = DynamicArrayInsert.MultipleInsertions
[==========] Running 1 test from 1 test suite.
[----------] Global test environment set-up.
[----------] 1 test from DynamicArrayInsert
[ RUN      ] DynamicArrayInsert.MultipleInsertions
[       OK ] DynamicArrayInsert.MultipleInsertions (0 ms)
[----------] 1 test from DynamicArrayInsert (0 ms total)

[----------] Global test environment tear-down
[==========] 1 test from 1 test suite ran. (0 ms total)
[  PASSED  ] 1 test.
<end of output>
Test time =   0.01 sec
----------------------------------------------------------
Test Passed.
"DynamicArrayInsert.MultipleInsertions" end time: Jul 04 01:15 India Standard Time
"DynamicArrayInsert.MultipleInsertions" time elapsed: 00:00:00
----------------------------------------------------------

53/291 Testing: DynamicArrayInsert.InsertDuplicateValues
53/291 Test: DynamicArrayInsert.InsertDuplicateValues
Command: "C:/Users/garvc/Desktop/CQ/Project-01/build/datest.exe" "--gtest_filter=DynamicArrayInsert.InsertDuplicateValues" "--gtest_also_run_disabled_tests"
Directory: C:/Users/garvc/Desktop/CQ/Project-01/build
"DynamicArrayInsert.InsertDuplicateValues" start time: Jul 04 01:15 India Standard Time
Output:
----------------------------------------------------------
Running main() from C:/Users/garvc/Desktop/CQ/Project-01/build/_deps/googletest-src/googletest/src/gtest_main.cc
Note: Google Test filter = DynamicArrayInsert.InsertDuplicateValues
[==========] Running 1 test from 1 test suite.
[----------] Global test environment set-up.
[----------] 1 test from DynamicArrayInsert
[ RUN      ] DynamicArrayInsert.InsertDuplicateValues
[       OK ] DynamicArrayInsert.InsertDuplicateValues (0 ms)
[----------] 1 test from DynamicArrayInsert (0 ms total)

[----------] Global test environment tear-down
[==========] 1 test from 1 test suite ran. (0 ms total)
[  PASSED  ] 1 test.
<end of output>
Test time =   0.02 sec
----------------------------------------------------------
Test Passed.
"DynamicArrayInsert.InsertDuplicateValues" end time: Jul 04 01:15 India Standard Time
"DynamicArrayInsert.InsertDuplicateValues" time elapsed: 00:00:00
----------------------------------------------------------

54/291 Testing: DynamicArrayRemoveTest.RemoveFirstElement
54/291 Test: DynamicArrayRemoveTest.RemoveFirstElement
Command: "C:/Users/garvc/Desktop/CQ/Project-01/build/datest.exe" "--gtest_filter=DynamicArrayRemoveTest.RemoveFirstElement" "--gtest_also_run_disabled_tests"
Directory: C:/Users/garvc/Desktop/CQ/Project-01/build
"DynamicArrayRemoveTest.RemoveFirstElement" start time: Jul 04 01:15 India Standard Time
Output:
----------------------------------------------------------
Running main() from C:/Users/garvc/Desktop/CQ/Project-01/build/_deps/googletest-src/googletest/src/gtest_main.cc
Note: Google Test filter = DynamicArrayRemoveTest.RemoveFirstElement
[==========] Running 1 test from 1 test suite.
[----------] Global test environment set-up.
[----------] 1 test from DynamicArrayRemoveTest
[ RUN      ] DynamicArrayRemoveTest.RemoveFirstElement
[       OK ] DynamicArrayRemoveTest.RemoveFirstElement (0 ms)
[----------] 1 test from DynamicArrayRemoveTest (0 ms total)

[----------] Global test environment tear-down
[==========] 1 test from 1 test suite ran. (0 ms total)
[  PASSED  ] 1 test.
<end of output>
Test time =   0.02 sec
----------------------------------------------------------
Test Passed.
"DynamicArrayRemoveTest.RemoveFirstElement" end time: Jul 04 01:15 India Standard Time
"DynamicArrayRemoveTest.RemoveFirstElement" time elapsed: 00:00:00
----------------------------------------------------------

55/291 Testing: DynamicArrayRemoveTest.RemoveMiddleElement
55/291 Test: DynamicArrayRemoveTest.RemoveMiddleElement
Command: "C:/Users/garvc/Desktop/CQ/Project-01/build/datest.exe" "--gtest_filter=DynamicArrayRemoveTest.RemoveMiddleElement" "--gtest_also_run_disabled_tests"
Directory: C:/Users/garvc/Desktop/CQ/Project-01/build
"DynamicArrayRemoveTest.RemoveMiddleElement" start time: Jul 04 01:15 India Standard Time
Output:
----------------------------------------------------------
Running main() from C:/Users/garvc/Desktop/CQ/Project-01/build/_deps/googletest-src/googletest/src/gtest_main.cc
Note: Google Test filter = DynamicArrayRemoveTest.RemoveMiddleElement
[==========] Running 1 test from 1 test suite.
[----------] Global test environment set-up.
[----------] 1 test from DynamicArrayRemoveTest
[ RUN      ] DynamicArrayRemoveTest.RemoveMiddleElement
[       OK ] DynamicArrayRemoveTest.RemoveMiddleElement (0 ms)
[----------] 1 test from DynamicArrayRemoveTest (0 ms total)

[----------] Global test environment tear-down
[==========] 1 test from 1 test suite ran. (0 ms total)
[  PASSED  ] 1 test.
<end of output>
Test time =   0.01 sec
----------------------------------------------------------
Test Passed.
"DynamicArrayRemoveTest.RemoveMiddleElement" end time: Jul 04 01:15 India Standard Time
"DynamicArrayRemoveTest.RemoveMiddleElement" time elapsed: 00:00:00
----------------------------------------------------------

56/291 Testing: DynamicArrayRemoveTest.RemoveLastElement
56/291 Test: DynamicArrayRemoveTest.RemoveLastElement
Command: "C:/Users/garvc/Desktop/CQ/Project-01/build/datest.exe" "--gtest_filter=DynamicArrayRemoveTest.RemoveLastElement" "--gtest_also_run_disabled_tests"
Directory: C:/Users/garvc/Desktop/CQ/Project-01/build
"DynamicArrayRemoveTest.RemoveLastElement" start time: Jul 04 01:15 India Standard Time
Output:
----------------------------------------------------------
Running main() from C:/Users/garvc/Desktop/CQ/Project-01/build/_deps/googletest-src/googletest/src/gtest_main.cc
Note: Google Test filter = DynamicArrayRemoveTest.RemoveLastElement
[==========] Running 1 test from 1 test suite.
[----------] Global test environment set-up.
[----------] 1 test from DynamicArrayRemoveTest
[ RUN      ] DynamicArrayRemoveTest.RemoveLastElement
[       OK ] DynamicArrayRemoveTest.RemoveLastElement (0 ms)
[----------] 1 test from DynamicArrayRemoveTest (0 ms total)

[----------] Global test environment tear-down
[==========] 1 test from 1 test suite ran. (0 ms total)
[  PASSED  ] 1 test.
<end of output>
Test time =   0.01 sec
----------------------------------------------------------
Test Passed.
"DynamicArrayRemoveTest.RemoveLastElement" end time: Jul 04 01:15 India Standard Time
"DynamicArrayRemoveTest.RemoveLastElement" time elapsed: 00:00:00
----------------------------------------------------------

57/291 Testing: DynamicArrayRemove.RemoveOnlyElement
57/291 Test: DynamicArrayRemove.RemoveOnlyElement
Command: "C:/Users/garvc/Desktop/CQ/Project-01/build/datest.exe" "--gtest_filter=DynamicArrayRemove.RemoveOnlyElement" "--gtest_also_run_disabled_tests"
Directory: C:/Users/garvc/Desktop/CQ/Project-01/build
[...]
[  PASSED  ] 1 test.
<end of output>
Test time =   0.01 sec
----------------------------------------------------------
Test Passed.
"RedisTest.ExistsFalse" end time: Jul 04 01:15 India Standard Time
"RedisTest.ExistsFalse" time elapsed: 00:00:00
----------------------------------------------------------

276/291 Testing: RedisTest.Count
276/291 Test: RedisTest.Count
Command: "C:/Users/garvc/Desktop/CQ/Project-01/build/redistest.exe" "--gtest_filter=RedisTest.Count" "--gtest_also_run_disabled_tests"
Directory: C:/Users/garvc/Desktop/CQ/Project-01/build
"RedisTest.Count" start time: Jul 04 01:15 India Standard Time
Output:
----------------------------------------------------------
Running main() from C:/Users/garvc/Desktop/CQ/Project-01/build/_deps/googletest-src/googletest/src/gtest_main.cc
Note: Google Test filter = RedisTest.Count
[==========] Running 1 test from 1 test suite.
[----------] Global test environment set-up.
[----------] 1 test from RedisTest
[ RUN      ] RedisTest.Count
[       OK ] RedisTest.Count (0 ms)
[----------] 1 test from RedisTest (0 ms total)

[----------] Global test environment tear-down
[==========] 1 test from 1 test suite ran. (0 ms total)
[  PASSED  ] 1 test.
<end of output>
Test time =   0.01 sec
----------------------------------------------------------
Test Passed.
"RedisTest.Count" end time: Jul 04 01:15 India Standard Time
"RedisTest.Count" time elapsed: 00:00:00
----------------------------------------------------------

277/291 Testing: RedisTest.Clear
277/291 Test: RedisTest.Clear
Command: "C:/Users/garvc/Desktop/CQ/Project-01/build/redistest.exe" "--gtest_filter=RedisTest.Clear" "--gtest_also_run_disabled_tests"
Directory: C:/Users/garvc/Desktop/CQ/Project-01/build
"RedisTest.Clear" start time: Jul 04 01:15 India Standard Time
Output:
----------------------------------------------------------
Running main() from C:/Users/garvc/Desktop/CQ/Project-01/build/_deps/googletest-src/googletest/src/gtest_main.cc
Note: Google Test filter = RedisTest.Clear
[==========] Running 1 test from 1 test suite.
[----------] Global test environment set-up.
[----------] 1 test from RedisTest
[ RUN      ] RedisTest.Clear
[       OK ] RedisTest.Clear (0 ms)
[----------] 1 test from RedisTest (0 ms total)

[----------] Global test environment tear-down
[==========] 1 test from 1 test suite ran. (0 ms total)
[  PASSED  ] 1 test.
<end of output>
Test time =   0.01 sec
----------------------------------------------------------
Test Passed.
"RedisTest.Clear" end time: Jul 04 01:15 India Standard Time
"RedisTest.Clear" time elapsed: 00:00:00
----------------------------------------------------------

278/291 Testing: RedisTest.SetSingleKey
278/291 Test: RedisTest.SetSingleKey
Command: "C:/Users/garvc/Desktop/CQ/Project-01/build/redistest.exe" "--gtest_filter=RedisTest.SetSingleKey" "--gtest_also_run_disabled_tests"
Directory: C:/Users/garvc/Desktop/CQ/Project-01/build
"RedisTest.SetSingleKey" start time: Jul 04 01:15 India Standard Time
Output:
----------------------------------------------------------
Running main() from C:/Users/garvc/Desktop/CQ/Project-01/build/_deps/googletest-src/googletest/src/gtest_main.cc
Note: Google Test filter = RedisTest.SetSingleKey
[==========] Running 1 test from 1 test suite.
[----------] Global test environment set-up.
[----------] 1 test from RedisTest
[ RUN      ] RedisTest.SetSingleKey
[       OK ] RedisTest.SetSingleKey (0 ms)
[----------] 1 test from RedisTest (0 ms total)

[----------] Global test environment tear-down
[==========] 1 test from 1 test suite ran. (0 ms total)
[  PASSED  ] 1 test.
<end of output>
Test time =   0.01 sec
----------------------------------------------------------
Test Passed.
"RedisTest.SetSingleKey" end time: Jul 04 01:15 India Standard Time
"RedisTest.SetSingleKey" time elapsed: 00:00:00
----------------------------------------------------------

279/291 Testing: RedisTest.UpdateExistingKey
279/291 Test: RedisTest.UpdateExistingKey
Command: "C:/Users/garvc/Desktop/CQ/Project-01/build/redistest.exe" "--gtest_filter=RedisTest.UpdateExistingKey" "--gtest_also_run_disabled_tests"
Directory: C:/Users/garvc/Desktop/CQ/Project-01/build
"RedisTest.UpdateExistingKey" start time: Jul 04 01:15 India Standard Time
Output:
----------------------------------------------------------
Running main() from C:/Users/garvc/Desktop/CQ/Project-01/build/_deps/googletest-src/googletest/src/gtest_main.cc
Note: Google Test filter = RedisTest.UpdateExistingKey
[==========] Running 1 test from 1 test suite.
[----------] Global test environment set-up.
[----------] 1 test from RedisTest
[ RUN      ] RedisTest.UpdateExistingKey
[       OK ] RedisTest.UpdateExistingKey (0 ms)
[----------] 1 test from RedisTest (0 ms total)

[----------] Global test environment tear-down
[==========] 1 test from 1 test suite ran. (0 ms total)
[  PASSED  ] 1 test.
<end of output>
Test time =   0.01 sec
----------------------------------------------------------
Test Passed.
"RedisTest.UpdateExistingKey" end time: Jul 04 01:15 India Standard Time
"RedisTest.UpdateExistingKey" time elapsed: 00:00:00
----------------------------------------------------------

280/291 Testing: RedisTest.GetMissingKey
280/291 Test: RedisTest.GetMissingKey
Command: "C:/Users/garvc/Desktop/CQ/Project-01/build/redistest.exe" "--gtest_filter=RedisTest.GetMissingKey" "--gtest_also_run_disabled_tests"
Directory: C:/Users/garvc/Desktop/CQ/Project-01/build
"RedisTest.GetMissingKey" start time: Jul 04 01:15 India Standard Time
Output:
----------------------------------------------------------
Running main() from C:/Users/garvc/Desktop/CQ/Project-01/build/_deps/googletest-src/googletest/src/gtest_main.cc
Note: Google Test filter = RedisTest.GetMissingKey
[==========] Running 1 test from 1 test suite.
[----------] Global test environment set-up.
[----------] 1 test from RedisTest
[ RUN      ] RedisTest.GetMissingKey
[       OK ] RedisTest.GetMissingKey (0 ms)
[----------] 1 test from RedisTest (0 ms total)

[----------] Global test environment tear-down
[==========] 1 test from 1 test suite ran. (0 ms total)
[  PASSED  ] 1 test.
<end of output>
Test time =   0.01 sec
----------------------------------------------------------
Test Passed.
"RedisTest.GetMissingKey" end time: Jul 04 01:15 India Standard Time
"RedisTest.GetMissingKey" time elapsed: 00:00:00
----------------------------------------------------------

281/291 Testing: RedisTest.ValueWithSpaces
281/291 Test: RedisTest.ValueWithSpaces
Command: "C:/Users/garvc/Desktop/CQ/Project-01/build/redistest.exe" "--gtest_filter=RedisTest.ValueWithSpaces" "--gtest_also_run_disabled_tests"
Directory: C:/Users/garvc/Desktop/CQ/Project-01/build
"RedisTest.ValueWithSpaces" start time: Jul 04 01:15 India Standard Time
Output:
----------------------------------------------------------
Running main() from C:/Users/garvc/Desktop/CQ/Project-01/build/_deps/googletest-src/googletest/src/gtest_main.cc
Note: Google Test filter = RedisTest.ValueWithSpaces
[==========] Running 1 test from 1 test suite.
[----------] Global test environment set-up.
[----------] 1 test from RedisTest
[ RUN      ] RedisTest.ValueWithSpaces
[       OK ] RedisTest.ValueWithSpaces (0 ms)
[----------] 1 test from RedisTest (0 ms total)

[----------] Global test environment tear-down
[==========] 1 test from 1 test suite ran. (0 ms total)
[  PASSED  ] 1 test.
<end of output>
Test time =   0.01 sec
----------------------------------------------------------
Test Passed.
"RedisTest.ValueWithSpaces" end time: Jul 04 01:15 India Standard Time
"RedisTest.ValueWithSpaces" time elapsed: 00:00:00
----------------------------------------------------------

282/291 Testing: RedisTest.EmptyValueRejected
282/291 Test: RedisTest.EmptyValueRejected
Command: "C:/Users/garvc/Desktop/CQ/Project-01/build/redistest.exe" "--gtest_filter=RedisTest.EmptyValueRejected" "--gtest_also_run_disabled_tests"
Directory: C:/Users/garvc/Desktop/CQ/Project-01/build
"RedisTest.EmptyValueRejected" start time: Jul 04 01:15 India Standard Time
Output:
----------------------------------------------------------
Running main() from C:/Users/garvc/Desktop/CQ/Project-01/build/_deps/googletest-src/googletest/src/gtest_main.cc
Note: Google Test filter = RedisTest.EmptyValueRejected
[==========] Running 1 test from 1 test suite.
[----------] Global test environment set-up.
[----------] 1 test from RedisTest
[ RUN      ] RedisTest.EmptyValueRejected
[       OK ] RedisTest.EmptyValueRejected (0 ms)
[----------] 1 test from RedisTest (0 ms total)

[----------] Global test environment tear-down
[==========] 1 test from 1 test suite ran. (0 ms total)
[  PASSED  ] 1 test.
<end of output>
Test time =   0.02 sec
----------------------------------------------------------
Test Passed.
"RedisTest.EmptyValueRejected" end time: Jul 04 01:15 India Standard Time
"RedisTest.EmptyValueRejected" time elapsed: 00:00:00
----------------------------------------------------------

283/291 Testing: RedisTest.EmptyKeyRejected
283/291 Test: RedisTest.EmptyKeyRejected
Command: "C:/Users/garvc/Desktop/CQ/Project-01/build/redistest.exe" "--gtest_filter=RedisTest.EmptyKeyRejected" "--gtest_also_run_disabled_tests"
Directory: C:/Users/garvc/Desktop/CQ/Project-01/build
"RedisTest.EmptyKeyRejected" start time: Jul 04 01:15 India Standard Time
Output:
----------------------------------------------------------
Running main() from C:/Users/garvc/Desktop/CQ/Project-01/build/_deps/googletest-src/googletest/src/gtest_main.cc
Note: Google Test filter = RedisTest.EmptyKeyRejected
[==========] Running 1 test from 1 test suite.
[----------] Global test environment set-up.
[----------] 1 test from RedisTest
[ RUN      ] RedisTest.EmptyKeyRejected
[       OK ] RedisTest.EmptyKeyRejected (0 ms)
[----------] 1 test from RedisTest (0 ms total)

[----------] Global test environment tear-down
[==========] 1 test from 1 test suite ran. (0 ms total)
[  PASSED  ] 1 test.
<end of output>
Test time =   0.01 sec
----------------------------------------------------------
Test Passed.
"RedisTest.EmptyKeyRejected" end time: Jul 04 01:15 India Standard Time
"RedisTest.EmptyKeyRejected" time elapsed: 00:00:00
----------------------------------------------------------

284/291 Testing: RedisTest.Help
284/291 Test: RedisTest.Help
Command: "C:/Users/garvc/Desktop/CQ/Project-01/build/redistest.exe" "--gtest_filter=RedisTest.Help" "--gtest_also_run_disabled_tests"
Directory: C:/Users/garvc/Desktop/CQ/Project-01/build
"RedisTest.Help" start time: Jul 04 01:15 India Standard Time
Output:
----------------------------------------------------------
Running main() from C:/Users/garvc/Desktop/CQ/Project-01/build/_deps/googletest-src/googletest/src/gtest_main.cc
Note: Google Test filter = RedisTest.Help
[==========] Running 1 test from 1 test suite.
[----------] Global test environment set-up.
[----------] 1 test from RedisTest
[ RUN      ] RedisTest.Help
[       OK ] RedisTest.Help (0 ms)
[----------] 1 test from RedisTest (0 ms total)

[----------] Global test environment tear-down
[==========] 1 test from 1 test suite ran. (0 ms total)
[  PASSED  ] 1 test.
<end of output>
Test time =   0.02 sec
----------------------------------------------------------
Test Passed.
"RedisTest.Help" end time: Jul 04 01:15 India Standard Time
"RedisTest.Help" time elapsed: 00:00:00
----------------------------------------------------------

285/291 Testing: RedisTest.Stats
285/291 Test: RedisTest.Stats
Command: "C:/Users/garvc/Desktop/CQ/Project-01/build/redistest.exe" "--gtest_filter=RedisTest.Stats" "--gtest_also_run_disabled_tests"
Directory: C:/Users/garvc/Desktop/CQ/Project-01/build
"RedisTest.Stats" start time: Jul 04 01:15 India Standard Time
Output:
----------------------------------------------------------
Running main() from C:/Users/garvc/Desktop/CQ/Project-01/build/_deps/googletest-src/googletest/src/gtest_main.cc
Note: Google Test filter = RedisTest.Stats
[==========] Running 1 test from 1 test suite.
[----------] Global test environment set-up.
[----------] 1 test from RedisTest
[ RUN      ] RedisTest.Stats
[       OK ] RedisTest.Stats (0 ms)
[----------] 1 test from RedisTest (0 ms total)

[----------] Global test environment tear-down
[==========] 1 test from 1 test suite ran. (0 ms total)
[  PASSED  ] 1 test.
<end of output>
Test time =   0.02 sec
----------------------------------------------------------
Test Passed.
"RedisTest.Stats" end time: Jul 04 01:15 India Standard Time
"RedisTest.Stats" time elapsed: 00:00:00
----------------------------------------------------------

286/291 Testing: RedisTest.Debug
286/291 Test: RedisTest.Debug
Command: "C:/Users/garvc/Desktop/CQ/Project-01/build/redistest.exe" "--gtest_filter=RedisTest.Debug" "--gtest_also_run_disabled_tests"
Directory: C:/Users/garvc/Desktop/CQ/Project-01/build
"RedisTest.Debug" start time: Jul 04 01:15 India Standard Time
Output:
----------------------------------------------------------
Running main() from C:/Users/garvc/Desktop/CQ/Project-01/build/_deps/googletest-src/googletest/src/gtest_main.cc
Note: Google Test filter = RedisTest.Debug
[==========] Running 1 test from 1 test suite.
[----------] Global test environment set-up.
[----------] 1 test from RedisTest
[ RUN      ] RedisTest.Debug
[       OK ] RedisTest.Debug (0 ms)
[----------] 1 test from RedisTest (0 ms total)

[----------] Global test environment tear-down
[==========] 1 test from 1 test suite ran. (0 ms total)
[  PASSED  ] 1 test.
<end of output>
Test time =   0.02 sec
----------------------------------------------------------
Test Passed.
"RedisTest.Debug" end time: Jul 04 01:15 India Standard Time
"RedisTest.Debug" time elapsed: 00:00:00
----------------------------------------------------------

287/291 Testing: RedisTest.Print
287/291 Test: RedisTest.Print
Command: "C:/Users/garvc/Desktop/CQ/Project-01/build/redistest.exe" "--gtest_filter=RedisTest.Print" "--gtest_also_run_disabled_tests"
Directory: C:/Users/garvc/Desktop/CQ/Project-01/build
"RedisTest.Print" start time: Jul 04 01:15 India Standard Time
Output:
----------------------------------------------------------
Running main() from C:/Users/garvc/Desktop/CQ/Project-01/build/_deps/googletest-src/googletest/src/gtest_main.cc
Note: Google Test filter = RedisTest.Print
[==========] Running 1 test from 1 test suite.
[----------] Global test environment set-up.
[----------] 1 test from RedisTest
[ RUN      ] RedisTest.Print
[       OK ] RedisTest.Print (0 ms)
[----------] 1 test from RedisTest (0 ms total)

[----------] Global test environment tear-down
[==========] 1 test from 1 test suite ran. (0 ms total)
[  PASSED  ] 1 test.
<end of output>
Test time =   0.02 sec
----------------------------------------------------------
Test Passed.
"RedisTest.Print" end time: Jul 04 01:15 India Standard Time
"RedisTest.Print" time elapsed: 00:00:00
----------------------------------------------------------

288/291 Testing: RedisTest.UnknownCommand
288/291 Test: RedisTest.UnknownCommand
Command: "C:/Users/garvc/Desktop/CQ/Project-01/build/redistest.exe" "--gtest_filter=RedisTest.UnknownCommand" "--gtest_also_run_disabled_tests"
Directory: C:/Users/garvc/Desktop/CQ/Project-01/build
"RedisTest.UnknownCommand" start time: Jul 04 01:15 India Standard Time
Output:
----------------------------------------------------------
Running main() from C:/Users/garvc/Desktop/CQ/Project-01/build/_deps/googletest-src/googletest/src/gtest_main.cc
Note: Google Test filter = RedisTest.UnknownCommand
[==========] Running 1 test from 1 test suite.
[----------] Global test environment set-up.
[----------] 1 test from RedisTest
[ RUN      ] RedisTest.UnknownCommand
[       OK ] RedisTest.UnknownCommand (0 ms)
[----------] 1 test from RedisTest (0 ms total)

[----------] Global test environment tear-down
[==========] 1 test from 1 test suite ran. (0 ms total)
[  PASSED  ] 1 test.
<end of output>
Test time =   0.01 sec
----------------------------------------------------------
Test Passed.
"RedisTest.UnknownCommand" end time: Jul 04 01:15 India Standard Time
"RedisTest.UnknownCommand" time elapsed: 00:00:00
----------------------------------------------------------

289/291 Testing: RedisTest.InvalidGet
289/291 Test: RedisTest.InvalidGet
Command: "C:/Users/garvc/Desktop/CQ/Project-01/build/redistest.exe" "--gtest_filter=RedisTest.InvalidGet" "--gtest_also_run_disabled_tests"
Directory: C:/Users/garvc/Desktop/CQ/Project-01/build
"RedisTest.InvalidGet" start time: Jul 04 01:15 India Standard Time
Output:
----------------------------------------------------------
Running main() from C:/Users/garvc/Desktop/CQ/Project-01/build/_deps/googletest-src/googletest/src/gtest_main.cc
Note: Google Test filter = RedisTest.InvalidGet
[==========] Running 1 test from 1 test suite.
[----------] Global test environment set-up.
[----------] 1 test from RedisTest
[ RUN      ] RedisTest.InvalidGet
[       OK ] RedisTest.InvalidGet (0 ms)
[----------] 1 test from RedisTest (0 ms total)

[----------] Global test environment tear-down
[==========] 1 test from 1 test suite ran. (0 ms total)
[  PASSED  ] 1 test.
<end of output>
Test time =   0.01 sec
----------------------------------------------------------
Test Passed.
"RedisTest.InvalidGet" end time: Jul 04 01:15 India Standard Time
"RedisTest.InvalidGet" time elapsed: 00:00:00
----------------------------------------------------------

290/291 Testing: RedisTest.InvalidDel
290/291 Test: RedisTest.InvalidDel
Command: "C:/Users/garvc/Desktop/CQ/Project-01/build/redistest.exe" "--gtest_filter=RedisTest.InvalidDel" "--gtest_also_run_disabled_tests"
Directory: C:/Users/garvc/Desktop/CQ/Project-01/build
"RedisTest.InvalidDel" start time: Jul 04 01:15 India Standard Time
Output:
----------------------------------------------------------
Running main() from C:/Users/garvc/Desktop/CQ/Project-01/build/_deps/googletest-src/googletest/src/gtest_main.cc
Note: Google Test filter = RedisTest.InvalidDel
[==========] Running 1 test from 1 test suite.
[----------] Global test environment set-up.
[----------] 1 test from RedisTest
[ RUN      ] RedisTest.InvalidDel
[       OK ] RedisTest.InvalidDel (0 ms)
[----------] 1 test from RedisTest (0 ms total)

[----------] Global test environment tear-down
[==========] 1 test from 1 test suite ran. (0 ms total)
[  PASSED  ] 1 test.
<end of output>
Test time =   0.02 sec
----------------------------------------------------------
Test Passed.
"RedisTest.InvalidDel" end time: Jul 04 01:15 India Standard Time
"RedisTest.InvalidDel" time elapsed: 00:00:00
----------------------------------------------------------

291/291 Testing: RedisTest.InvalidExists
291/291 Test: RedisTest.InvalidExists
Command: "C:/Users/garvc/Desktop/CQ/Project-01/build/redistest.exe" "--gtest_filter=RedisTest.InvalidExists" "--gtest_also_run_disabled_tests"
Directory: C:/Users/garvc/Desktop/CQ/Project-01/build
"RedisTest.InvalidExists" start time: Jul 04 01:15 India Standard Time
Output:
----------------------------------------------------------
Running main() from C:/Users/garvc/Desktop/CQ/Project-01/build/_deps/googletest-src/googletest/src/gtest_main.cc
Note: Google Test filter = RedisTest.InvalidExists
[==========] Running 1 test from 1 test suite.
[----------] Global test environment set-up.
[----------] 1 test from RedisTest
[ RUN      ] RedisTest.InvalidExists
[       OK ] RedisTest.InvalidExists (0 ms)
[----------] 1 test from RedisTest (0 ms total)

[----------] Global test environment tear-down
[==========] 1 test from 1 test suite ran. (0 ms total)
[  PASSED  ] 1 test.
<end of output>
Test time =   0.01 sec
----------------------------------------------------------
Test Passed.
"RedisTest.InvalidExists" end time: Jul 04 01:15 India Standard Time
"RedisTest.InvalidExists" time elapsed: 00:00:00
----------------------------------------------------------

End testing: Jul 04 01:15 India Standard Time
